md5sum: /storage/tnbc/OPTRASCAN_IISER_Round_6/20200907_Slides: No such file or directory
md5sum: to: No such file or directory
md5sum: be: No such file or directory
md5sum: imaged: No such file or directory
md5sum: by: No such file or directory
md5sum: Optra_Round: No such file or directory
md5sum: 3.xlsx: No such file or directory
md5sum: /storage/tnbc/OPTRASCAN_IISER_Round_1/20190915_Slides: No such file or directory
md5sum: to: No such file or directory
md5sum: be: No such file or directory
md5sum: imaged: No such file or directory
md5sum: by: No such file or directory
md5sum: Optra_Round: No such file or directory
md5sum: 1.xlsx: No such file or directory
/bin/sh: -c: line 0: syntax error near unexpected token `('
/bin/sh: -c: line 0: `md5sum /storage/tnbc/OPTRASCAN_IISER_Round_1/IISER_Box_3/JP2/20190610_165_209-16_1734-16-A-_HER2_Biopsy_CD31_40X-Copy(1).jp2'
/bin/sh: -c: line 0: syntax error near unexpected token `('
/bin/sh: -c: line 0: `md5sum /storage/tnbc/OPTRASCAN_IISER_Round_1/IISER_Box_3/JP2/20190610_209_424-15_3881-15B_HER2_Biopsy_Ki67_40X-Copy(1).jp2'
/bin/sh: -c: line 0: syntax error near unexpected token `('
/bin/sh: -c: line 0: `md5sum /storage/tnbc/OPTRASCAN_IISER_Round_1/IISER_Box_3/JP2/20190610_211_163-15_761-15-A_HER2_Biopsy_CD31_40X-Copy(1).jp2'
/bin/sh: -c: line 0: syntax error near unexpected token `('
/bin/sh: -c: line 0: `md5sum /storage/tnbc/OPTRASCAN_IISER_Round_1/IISER_Box_3/JP2/20190610_137_140-15_3425-15-A_HER2_Biopsy_Ki67_40X-Copy(1).jp2'
/bin/sh: -c: line 0: syntax error near unexpected token `('
/bin/sh: -c: line 0: `md5sum /storage/tnbc/OPTRASCAN_IISER_Round_1/IISER_Box_3/JP2/20190610_125_378-15_3549-16_HER2_Biopsy_Ki67_40X-Copy(1).jp2'
/bin/sh: -c: line 0: syntax error near unexpected token `('
/bin/sh: -c: line 0: `md5sum /storage/tnbc/OPTRASCAN_IISER_Round_1/IISER_Box_3/JP2/20190610_142_246-15_3385-15-A_HER2_Biopsy_CD31_40X-Copy(1).jp2'
/bin/sh: -c: line 0: syntax error near unexpected token `('
/bin/sh: -c: line 0: `md5sum /storage/tnbc/OPTRASCAN_IISER_Round_1/IISER_Box_3/JP2/20190610_193_669-15_5744-15-A_HER2_Biopsy_Ki67_40X-Copy(1).jp2'
/bin/sh: -c: line 0: syntax error near unexpected token `('
/bin/sh: -c: line 0: `md5sum /storage/tnbc/OPTRASCAN_IISER_Round_1/IISER_Box_3/JP2/20190610_161_112-15_619-15-A_HER2_Biopsy_CD31_40X-Copy(1).jp2'
/bin/sh: -c: line 0: syntax error near unexpected token `('
/bin/sh: -c: line 0: `md5sum /storage/tnbc/OPTRASCAN_IISER_Round_1/IISER_Box_3/JP2/20190610_137_140-15_3425-15-A_HER2_Biopsy_CD31_40X-Copy(1).jp2'
/bin/sh: -c: line 0: syntax error near unexpected token `('
/bin/sh: -c: line 0: `md5sum /storage/tnbc/OPTRASCAN_IISER_Round_1/IISER_Box_3/JP2/20190610_125_378-15_3549-16_HER2_Biopsy_CD31_40X-Copy(1).jp2'
/bin/sh: -c: line 0: syntax error near unexpected token `('
/bin/sh: -c: line 0: `md5sum /storage/tnbc/OPTRASCAN_IISER_Round_1/IISER_Box_3/JP2/20190610_165_209-16_1734-16-A-_HER2_Biopsy_Ki67_40X-Copy(1).jp2'
/bin/sh: -c: line 0: syntax error near unexpected token `('
/bin/sh: -c: line 0: `md5sum /storage/tnbc/OPTRASCAN_IISER_Round_1/IISER_Box_3/JP2/20190610_161_112-15_619-15-A_HER2_Biopsy_Ki67_40X-Copy(1).jp2'
/bin/sh: -c: line 0: syntax error near unexpected token `('
/bin/sh: -c: line 0: `md5sum /storage/tnbc/OPTRASCAN_IISER_Round_1/IISER_Box_3/JP2/20190610_192_667-16_4407-16-A_HER2_Biopsy_CD31_40X-Copy(1).jp2'
/bin/sh: -c: line 0: syntax error near unexpected token `('
/bin/sh: -c: line 0: `md5sum /storage/tnbc/OPTRASCAN_IISER_Round_1/IISER_Box_3/JP2/20190610_211_163-15_761-15-A_HER2_Biopsy_Ki67_40X-Copy(1).jp2'
/bin/sh: -c: line 0: syntax error near unexpected token `('
/bin/sh: -c: line 0: `md5sum /storage/tnbc/OPTRASCAN_IISER_Round_1/IISER_Box_3/JP2/20190610_243_635-17_4828-17-A_HER2_Biopsy_CD31_40X-Copy(1).jp2'
/bin/sh: -c: line 0: syntax error near unexpected token `('
/bin/sh: -c: line 0: `md5sum /storage/tnbc/OPTRASCAN_IISER_Round_1/IISER_Box_3/JP2/20190610_142_246-15_3385-15-A_HER2_Biopsy_Ki67_40X-Copy(1).jp2'
/bin/sh: -c: line 0: syntax error near unexpected token `('
/bin/sh: -c: line 0: `md5sum /storage/tnbc/OPTRASCAN_IISER_Round_1/IISER_Box_3/JP2/20190610_192_667-16_4407-16-A_HER2_Biopsy_Ki67_40X-Copy(1).jp2'
/bin/sh: -c: line 0: syntax error near unexpected token `('
/bin/sh: -c: line 0: `md5sum /storage/tnbc/OPTRASCAN_IISER_Round_1/IISER_Box_3/JP2/20190610_193_669-15_5744-15-A_HER2_Biopsy_CD31_40X-Copy(1).jp2'
/bin/sh: -c: line 0: syntax error near unexpected token `('
/bin/sh: -c: line 0: `md5sum /storage/tnbc/OPTRASCAN_IISER_Round_1/IISER_Box_4/JP2/20190610_303_319-13_G-13-521-C_TNBC_Surgery_Vimentin_40X-Copy(1).jp2'
/bin/sh: -c: line 0: syntax error near unexpected token `('
/bin/sh: -c: line 0: `md5sum /storage/tnbc/OPTRASCAN_IISER_Round_1/IISER_Box_4/JP2/20190610_303_319-13_G-13-521-C_TNBC_Surgery_YAP_40X-Copy(1).jp2'
/bin/sh: -c: line 0: syntax error near unexpected token `('
/bin/sh: -c: line 0: `md5sum /storage/tnbc/OPTRASCAN_IISER_Round_1/IISER_Box_4/JP2/20190610_299_55-10_G-10-1209-C_TNBC_Surgery_Vimentin_40X-Copy(1).jp2'
/bin/sh: -c: line 0: syntax error near unexpected token `('
/bin/sh: -c: line 0: `md5sum /storage/tnbc/OPTRASCAN_IISER_Round_1/IISER_Box_4/JP2/20190610_299_55-10_G-10-1209-C_TNBC_Surgery_YAP_40X-Copy(1).jp2'
/bin/sh: -c: line 0: syntax error near unexpected token `('
/bin/sh: -c: line 0: `md5sum /storage/tnbc/OPTRASCAN_IISER_Round_1/IISER_Box_4/JP2/20190610_295_574-15_G-15-1402-B_TNBC_Surgery_YAP_40X-Copy(1).jp2'
/bin/sh: -c: line 0: syntax error near unexpected token `('
/bin/sh: -c: line 0: `md5sum /storage/tnbc/OPTRASCAN_IISER_Round_1/IISER_Box_4/JP2/20190610_291_306-13_320-13_TNBC_Biopsy_Vimentin_40X-Copy(1).jp2'
/bin/sh: -c: line 0: syntax error near unexpected token `('
/bin/sh: -c: line 0: `md5sum /storage/tnbc/OPTRASCAN_IISER_Round_1/IISER_Box_4/JP2/20190610_301_117-15_1567-G15_TNBC_Surgery_Vimentin_40X-Copy(1).jp2'
/bin/sh: -c: line 0: syntax error near unexpected token `('
/bin/sh: -c: line 0: `md5sum /storage/tnbc/OPTRASCAN_IISER_Round_1/IISER_Box_4/JP2/20190610_296_284-12_G-12-2412-E_TNBC_Surgery_Vimentin_40X-Copy(1).jp2'
/bin/sh: -c: line 0: syntax error near unexpected token `('
/bin/sh: -c: line 0: `md5sum /storage/tnbc/OPTRASCAN_IISER_Round_1/IISER_Box_4/JP2/20190610_307_547-14_334-14-C_TNBC_Biopsy_Vimentin_40X-Copy(1).jp2'
/bin/sh: -c: line 0: syntax error near unexpected token `('
/bin/sh: -c: line 0: `md5sum /storage/tnbc/OPTRASCAN_IISER_Round_1/IISER_Box_4/JP2/20190610_301_117-15_1567-G15_TNBC_Surgery_YAP_40X-Copy(1).jp2'
/bin/sh: -c: line 0: syntax error near unexpected token `('
/bin/sh: -c: line 0: `md5sum /storage/tnbc/OPTRASCAN_IISER_Round_1/IISER_Box_4/JP2/20190610_295_574-15_G-15-1402-B_TNBC_Surgery_Vimentin_40X-Copy(1).jp2'
/bin/sh: -c: line 0: syntax error near unexpected token `('
/bin/sh: -c: line 0: `md5sum /storage/tnbc/OPTRASCAN_IISER_Round_1/IISER_Box_4/JP2/20190610_296_284-12_G-12-2412-E_TNBC_Surgery_YAP_40X-Copy(1).jp2'
/bin/sh: -c: line 0: syntax error near unexpected token `('
/bin/sh: -c: line 0: `md5sum /storage/tnbc/OPTRASCAN_IISER_Round_1/IISER_Box_4/JP2/20190610_300_593-15_B-1964-15-B7_TNBC_Surgery_YAP_40X-Copy(1).jp2'
/bin/sh: -c: line 0: syntax error near unexpected token `('
/bin/sh: -c: line 0: `md5sum /storage/tnbc/OPTRASCAN_IISER_Round_1/IISER_Box_4/JP2/20190610_291_306-13_320-13_TNBC_Biopsy_YAP_40X-Copy(1).jp2'
/bin/sh: -c: line 0: syntax error near unexpected token `('
/bin/sh: -c: line 0: `md5sum /storage/tnbc/OPTRASCAN_IISER_Round_1/IISER_Box_4/JP2/20190610_300_593-15_B-1964-15-B7_TNBC_Surgery_Vimentin_40X-Copy(1).jp2'
/bin/sh: -c: line 0: syntax error near unexpected token `('
/bin/sh: -c: line 0: `md5sum /storage/tnbc/OPTRASCAN_IISER_Round_1/IISER_Box_2/JP2/20190610_125_378-15_3549-16_Biopsy_HER2_Vimentin_40X-Copy(1).jp2'
md5sum: /storage/tnbc/OPTRASCAN_IISER_Round_2/20200919_Slides: No such file or directory
md5sum: to: No such file or directory
md5sum: be: No such file or directory
md5sum: imaged: No such file or directory
md5sum: by: No such file or directory
md5sum: Optra_Round: No such file or directory
md5sum: 2.xlsx: No such file or directory
/bin/sh: -c: line 0: syntax error near unexpected token `('
/bin/sh: -c: line 0: `md5sum /storage/tnbc/OPTRASCAN_IISER_Round_2/IISER_Box_3/20200220-516-329_18-815_18(A)-Biopsy-HER2-YAP-40X.jp2'
/bin/sh: -c: line 0: syntax error near unexpected token `('
/bin/sh: -c: line 0: `md5sum /storage/tnbc/OPTRASCAN_IISER_Round_2/IISER_Box_3/20200220-516-329_18-815_18(A)-Biopsy-HER2-Vim-40X.jp2'
/bin/sh: -c: line 0: syntax error near unexpected token `('
/bin/sh: -c: line 0: `md5sum /storage/tnbc/OPTRASCAN_IISER_Round_2/IISER_Box_3/20200220-498-173_18-249_18(A)-Biopsy-HER2-Vim-40X.jp2'
/bin/sh: -c: line 0: syntax error near unexpected token `('
/bin/sh: -c: line 0: `md5sum /storage/tnbc/OPTRASCAN_IISER_Round_2/IISER_Box_3/20200220-498-173_18-249_18(A)-Biopsy-HER2-YAP-40X.jp2'
/bin/sh: -c: line 0: syntax error near unexpected token `('
/bin/sh: -c: line 0: `md5sum /storage/tnbc/OPTRASCAN_IISER_Round_2/IISER_Box_3/Tif/20200220-516-329_18-815_18(A)-Biopsy-HER2-YAP-40X.tif'
/bin/sh: -c: line 0: syntax error near unexpected token `('
/bin/sh: -c: line 0: `md5sum /storage/tnbc/OPTRASCAN_IISER_Round_2/IISER_Box_3/Tif/20200220-498-173_18-249_18(A)-Biopsy-HER2-Vim-40X.tif'
/bin/sh: -c: line 0: syntax error near unexpected token `('
/bin/sh: -c: line 0: `md5sum /storage/tnbc/OPTRASCAN_IISER_Round_2/IISER_Box_3/Tif/20200220-516-329_18-815_18(A)-Biopsy-HER2-Vim-40X.tif'
/bin/sh: -c: line 0: syntax error near unexpected token `('
/bin/sh: -c: line 0: `md5sum /storage/tnbc/OPTRASCAN_IISER_Round_2/IISER_Box_3/Tif/20200220-498-173_18-249_18(A)-Biopsy-HER2-YAP-40X.tif'
/bin/sh: -c: line 0: syntax error near unexpected token `('
/bin/sh: -c: line 0: `md5sum /storage/tnbc/OPTRASCAN_IISER_Round_2/IISER_BOX_5/20200220-500-479_18-1267_18(A)-TNBC-Biopsy-Ki67-40X.jp2'
/bin/sh: -c: line 0: syntax error near unexpected token `('
/bin/sh: -c: line 0: `md5sum /storage/tnbc/OPTRASCAN_IISER_Round_2/IISER_BOX_5/20200220-500-479_18-1267_18(A)-TNBC-Biopsy-EGFR-40X.jp2'
/bin/sh: -c: line 0: syntax error near unexpected token `('
/bin/sh: -c: line 0: `md5sum /storage/tnbc/OPTRASCAN_IISER_Round_2/IISER_BOX_5/20200220-500-479_18-1267_18(A)-TNBC-Biopsy-YAP-40X.jp2'
/bin/sh: -c: line 0: syntax error near unexpected token `('
/bin/sh: -c: line 0: `md5sum /storage/tnbc/OPTRASCAN_IISER_Round_2/IISER_BOX_5/20200220-500-479_18-1267_18(A)-TNBC-Biopsy-Vim-40X.jp2'
/bin/sh: -c: line 0: syntax error near unexpected token `('
/bin/sh: -c: line 0: `md5sum /storage/tnbc/OPTRASCAN_IISER_Round_2/IISER_BOX_5/tif/20200220-500-479_18-1267_18(A)-TNBC-Biopsy-Vim-40X.tif'
/bin/sh: -c: line 0: syntax error near unexpected token `('
/bin/sh: -c: line 0: `md5sum /storage/tnbc/OPTRASCAN_IISER_Round_2/IISER_BOX_5/tif/20200220-500-479_18-1267_18(A)-TNBC-Biopsy-Ki67-40X.tif'
/bin/sh: -c: line 0: syntax error near unexpected token `('
/bin/sh: -c: line 0: `md5sum /storage/tnbc/OPTRASCAN_IISER_Round_2/IISER_BOX_5/tif/20200220-500-479_18-1267_18(A)-TNBC-Biopsy-YAP-40X.tif'
/bin/sh: -c: line 0: syntax error near unexpected token `('
/bin/sh: -c: line 0: `md5sum /storage/tnbc/OPTRASCAN_IISER_Round_2/IISER_BOX_5/tif/20200220-500-479_18-1267_18(A)-TNBC-Biopsy-EGFR-40X.tif'
/bin/sh: -c: line 0: syntax error near unexpected token `('
/bin/sh: -c: line 0: `md5sum /storage/tnbc/OPTRASCAN_IISER_Round_2/IISER_Box_4/Tif/20200220-85-308_13-G_13_2654(A)-TNBC-Biopsy-HnE-40X.tif'
/bin/sh: -c: line 0: syntax error near unexpected token `('
/bin/sh: -c: line 0: `md5sum /storage/tnbc/OPTRASCAN_IISER_Round_2/IISER_Box_4/Tif/20200220-430-534_18-1441_18(A)-HER2-Biopsy-HnE-40X.tif'
/bin/sh: -c: line 0: syntax error near unexpected token `('
/bin/sh: -c: line 0: `md5sum /storage/tnbc/OPTRASCAN_IISER_Round_2/IISER_Box_4/Tif/20200220-193-669_15-5744_15(A)-HER2-Biopsy-HnE-40X.tif'
/bin/sh: -c: line 0: syntax error near unexpected token `('
/bin/sh: -c: line 0: `md5sum /storage/tnbc/OPTRASCAN_IISER_Round_2/IISER_Box_4/Tif/20200220-422-420_18-1128_18(A)-HER2-Biopsy-HnE-40X.tif'
/bin/sh: -c: line 0: syntax error near unexpected token `('
/bin/sh: -c: line 0: `md5sum /storage/tnbc/OPTRASCAN_IISER_Round_2/IISER_Box_4/Tif/20200220-192-667_16-4407_16(A)-HER2-Biopsy-HnE-40X.tif'
/bin/sh: -c: line 0: syntax error near unexpected token `('
/bin/sh: -c: line 0: `md5sum /storage/tnbc/OPTRASCAN_IISER_Round_2/IISER_Box_4/Tif/20200220-243-635_17-4828_17(A)-HER2-Biopsy-HnE-40X.tif'
/bin/sh: -c: line 0: syntax error near unexpected token `('
/bin/sh: -c: line 0: `md5sum /storage/tnbc/OPTRASCAN_IISER_Round_2/IISER_Box_4/New folder (2)/20200220-465-615_18-4401_18M-HER2-Surgery-HnE-40X.jp2'
/bin/sh: -c: line 0: syntax error near unexpected token `('
/bin/sh: -c: line 0: `md5sum /storage/tnbc/OPTRASCAN_IISER_Round_2/IISER_Box_4/New folder (2)/20200220-542-273_18-592_18-HER2-Biopsy-HnE-40X.jp2'
/bin/sh: -c: line 0: syntax error near unexpected token `('
/bin/sh: -c: line 0: `md5sum /storage/tnbc/OPTRASCAN_IISER_Round_2/IISER_Box_4/New folder (2)/20200220-303-319_13-G_13_457-TNBC-Biopsy-HnE-40X.jp2'
/bin/sh: -c: line 0: syntax error near unexpected token `('
/bin/sh: -c: line 0: `md5sum /storage/tnbc/OPTRASCAN_IISER_Round_2/IISER_Box_4/New folder (2)/20200220-434-743_17-4703_17Q-HER2-Surgery-HnE-40X.jp2'
/bin/sh: -c: line 0: syntax error near unexpected token `('
/bin/sh: -c: line 0: `md5sum /storage/tnbc/OPTRASCAN_IISER_Round_2/IISER_Box_4/New folder (2)/20200220-423-450_18-2922_18C-HER2-Surgery-HnE-40X.jp2'
/bin/sh: -c: line 0: syntax error near unexpected token `('
/bin/sh: -c: line 0: `md5sum /storage/tnbc/OPTRASCAN_IISER_Round_2/IISER_Box_4/New folder (2)/20200220-85-308_13-G_13_2654(A)-TNBC-Biopsy-HnE-40X.jp2'
/bin/sh: -c: line 0: syntax error near unexpected token `('
/bin/sh: -c: line 0: `md5sum /storage/tnbc/OPTRASCAN_IISER_Round_2/IISER_Box_4/New folder (2)/20200220-462-654_18-4166_18_L-TNBC-Surgery-HnE-40X.xml'
/bin/sh: -c: line 0: syntax error near unexpected token `('
/bin/sh: -c: line 0: `md5sum /storage/tnbc/OPTRASCAN_IISER_Round_2/IISER_Box_4/New folder (2)/20200220-192-667_16-4407_16(A)-HER2-Biopsy-HnE-40X.jp2'
/bin/sh: -c: line 0: syntax error near unexpected token `('
/bin/sh: -c: line 0: `md5sum /storage/tnbc/OPTRASCAN_IISER_Round_2/IISER_Box_4/New folder (2)/20200220-506-92_18-707_18S-HER2-Surgery-HnE-40X.jp2'
/bin/sh: -c: line 0: syntax error near unexpected token `('
/bin/sh: -c: line 0: `md5sum /storage/tnbc/OPTRASCAN_IISER_Round_2/IISER_Box_4/New folder (2)/20200220-349-140_17-822_17_L-TNBC-Surgery-HnE-40X.jp2'
/bin/sh: -c: line 0: syntax error near unexpected token `('
/bin/sh: -c: line 0: `md5sum /storage/tnbc/OPTRASCAN_IISER_Round_2/IISER_Box_4/New folder (2)/20200220-422-420_18-1128_18(A)-HER2-Biopsy-HnE-40X.jp2'
/bin/sh: -c: line 0: syntax error near unexpected token `('
/bin/sh: -c: line 0: `md5sum /storage/tnbc/OPTRASCAN_IISER_Round_2/IISER_Box_4/New folder (2)/20200220-286-536_17-561_17-HER2-Biopsy-HnE-40X.jp2'
/bin/sh: -c: line 0: syntax error near unexpected token `('
/bin/sh: -c: line 0: `md5sum /storage/tnbc/OPTRASCAN_IISER_Round_2/IISER_Box_4/New folder (2)/20200220-257-685_17-4369_17C-HER2-Surgery-HnE-40X.jp2'
/bin/sh: -c: line 0: syntax error near unexpected token `('
/bin/sh: -c: line 0: `md5sum /storage/tnbc/OPTRASCAN_IISER_Round_2/IISER_Box_4/New folder (2)/20200220-72-389_17-2474_17B-HER2-Surgery-HnE-40X.jp2'
/bin/sh: -c: line 0: syntax error near unexpected token `('
/bin/sh: -c: line 0: `md5sum /storage/tnbc/OPTRASCAN_IISER_Round_2/IISER_Box_4/New folder (2)/20200220-209-424_15-3881_15B-HER2-Surgery-HnE-40X.jp2'
/bin/sh: -c: line 0: syntax error near unexpected token `('
/bin/sh: -c: line 0: `md5sum /storage/tnbc/OPTRASCAN_IISER_Round_2/IISER_Box_4/New folder (2)/20200220-211-163_15-761_15_A-HER2-Biopsy-HnE-40X.jp2'
/bin/sh: -c: line 0: syntax error near unexpected token `('
/bin/sh: -c: line 0: `md5sum /storage/tnbc/OPTRASCAN_IISER_Round_2/IISER_Box_4/New folder (2)/20200220-150-346_14-1168_05A-HER2-Surgery-HnE-40X.xml'
/bin/sh: -c: line 0: syntax error near unexpected token `('
/bin/sh: -c: line 0: `md5sum /storage/tnbc/OPTRASCAN_IISER_Round_2/IISER_Box_4/New folder (2)/20200220-584-772_18-2333_18-HER2-Biopsy-HnE-40X.jp2'
/bin/sh: -c: line 0: syntax error near unexpected token `('
/bin/sh: -c: line 0: `md5sum /storage/tnbc/OPTRASCAN_IISER_Round_2/IISER_Box_4/New folder (2)/20200220-310-546_16-4809_16D-TNBC-Surgery-HnE-40X.jp2'
/bin/sh: -c: line 0: syntax error near unexpected token `('
/bin/sh: -c: line 0: `md5sum /storage/tnbc/OPTRASCAN_IISER_Round_2/IISER_Box_4/New folder (2)/20200220-409-218_18-397_18_B-HER2-Biopsy-HnE-40X.jp2'
/bin/sh: -c: line 0: syntax error near unexpected token `('
/bin/sh: -c: line 0: `md5sum /storage/tnbc/OPTRASCAN_IISER_Round_2/IISER_Box_4/New folder (2)/20200220-301-117_15-1567_G15-TNBC-Surgery-HnE-40X.jp2'
/bin/sh: -c: line 0: syntax error near unexpected token `('
/bin/sh: -c: line 0: `md5sum /storage/tnbc/OPTRASCAN_IISER_Round_2/IISER_Box_4/New folder (2)/20200220-328-788_15-G_15_3194_D-TNBC-Surgery-HnE-40X.jp2'
/bin/sh: -c: line 0: syntax error near unexpected token `('
/bin/sh: -c: line 0: `md5sum /storage/tnbc/OPTRASCAN_IISER_Round_2/IISER_Box_4/New folder (2)/20200220-374-647_16-G_16_747_H-TNBC-Surgery-HnE-40X.jp2'
/bin/sh: -c: line 0: syntax error near unexpected token `('
/bin/sh: -c: line 0: `md5sum /storage/tnbc/OPTRASCAN_IISER_Round_2/IISER_Box_4/New folder (2)/20200220-317-270_14-G_14_4036C-TNBC-Surgery-HnE-40X.jp2'
/bin/sh: -c: line 0: syntax error near unexpected token `('
/bin/sh: -c: line 0: `md5sum /storage/tnbc/OPTRASCAN_IISER_Round_2/IISER_Box_4/New folder (2)/20200220-295-574_15-G_15_1402_B-TNBC-Surgery-HnE-40X.jp2'
/bin/sh: -c: line 0: syntax error near unexpected token `('
/bin/sh: -c: line 0: `md5sum /storage/tnbc/OPTRASCAN_IISER_Round_2/IISER_Box_4/New folder (2)/20200220-299-55_10-G_10_1209_C-TNBC-Surgery-HnE-40X.jp2'
/bin/sh: -c: line 0: syntax error near unexpected token `('
/bin/sh: -c: line 0: `md5sum /storage/tnbc/OPTRASCAN_IISER_Round_2/IISER_Box_4/New folder (2)/20200220-43-660_16-G_16_1059_A-HER2-Biopsy-HnE-40X.jp2'
/bin/sh: -c: line 0: syntax error near unexpected token `('
/bin/sh: -c: line 0: `md5sum /storage/tnbc/OPTRASCAN_IISER_Round_2/IISER_Box_4/New folder (2)/20200220-550-354_13-437_13_A-HER2-Biopsy-HnE-40X.jp2'
/bin/sh: -c: line 0: syntax error near unexpected token `('
/bin/sh: -c: line 0: `md5sum /storage/tnbc/OPTRASCAN_IISER_Round_2/IISER_Box_4/New folder (2)/20200220-165-209_16-1734_16_A-HER2-Biopsy-HnE-40X.jp2'
/bin/sh: -c: line 0: syntax error near unexpected token `('
/bin/sh: -c: line 0: `md5sum /storage/tnbc/OPTRASCAN_IISER_Round_2/IISER_Box_4/New folder (2)/20200220-292-80_18-575_18I-HER2-Surgery-HnE-40X.jp2'
/bin/sh: -c: line 0: syntax error near unexpected token `('
/bin/sh: -c: line 0: `md5sum /storage/tnbc/OPTRASCAN_IISER_Round_2/IISER_Box_4/New folder (2)/20200220-430-534_18-1441_18(A)-HER2-Biopsy-HnE-40X.jp2'
/bin/sh: -c: line 0: syntax error near unexpected token `('
/bin/sh: -c: line 0: `md5sum /storage/tnbc/OPTRASCAN_IISER_Round_2/IISER_Box_4/New folder (2)/20200220-332-88_13-G_13_704_D-TNBC-Surgery-HnE-40X.jp2'
/bin/sh: -c: line 0: syntax error near unexpected token `('
/bin/sh: -c: line 0: `md5sum /storage/tnbc/OPTRASCAN_IISER_Round_2/IISER_Box_4/New folder (2)/20200220-506-92_18-707_18S-HER2-Surgery-HnE-40X.xml'
/bin/sh: -c: line 0: syntax error near unexpected token `('
/bin/sh: -c: line 0: `md5sum /storage/tnbc/OPTRASCAN_IISER_Round_2/IISER_Box_4/New folder (2)/20200220-156-787_15-5179_14D-HER2-Surgery-HnE-40X.jp2'
/bin/sh: -c: line 0: syntax error near unexpected token `('
/bin/sh: -c: line 0: `md5sum /storage/tnbc/OPTRASCAN_IISER_Round_2/IISER_Box_4/New folder (2)/20200220-296-284_12-G_12_2412_E-TNBC-Surgery-HnE-40X.jp2'
/bin/sh: -c: line 0: syntax error near unexpected token `('
/bin/sh: -c: line 0: `md5sum /storage/tnbc/OPTRASCAN_IISER_Round_2/IISER_Box_4/New folder (2)/20200220-142-246_15-3385_15_A-HER2-Biopsy-HnE-40X.jp2'
/bin/sh: -c: line 0: syntax error near unexpected token `('
/bin/sh: -c: line 0: `md5sum /storage/tnbc/OPTRASCAN_IISER_Round_2/IISER_Box_4/New folder (2)/20200220-261-565_17-160_17_D1-TNBC-Surgery-HnE-40X.jp2'
/bin/sh: -c: line 0: syntax error near unexpected token `('
/bin/sh: -c: line 0: `md5sum /storage/tnbc/OPTRASCAN_IISER_Round_2/IISER_Box_4/New folder (2)/20200220-299-55_10-G_10_1209_C-TNBC-Surgery-HnE-40X.xml'
/bin/sh: -c: line 0: syntax error near unexpected token `('
/bin/sh: -c: line 0: `md5sum /storage/tnbc/OPTRASCAN_IISER_Round_2/IISER_Box_4/New folder (2)/20200220-587-660_18-1947_18-HER2-Biopsy-HnE-40X.jp2'
/bin/sh: -c: line 0: syntax error near unexpected token `('
/bin/sh: -c: line 0: `md5sum /storage/tnbc/OPTRASCAN_IISER_Round_2/IISER_Box_4/New folder (2)/20200220-302-571_15-2203_15B-HER2-Surgery-HnE-40X.jp2'
/bin/sh: -c: line 0: syntax error near unexpected token `('
/bin/sh: -c: line 0: `md5sum /storage/tnbc/OPTRASCAN_IISER_Round_2/IISER_Box_4/New folder (2)/20200220-244-85_15-3145_15A-HER2-Surgery-HnE-40X.jp2'
/bin/sh: -c: line 0: syntax error near unexpected token `('
/bin/sh: -c: line 0: `md5sum /storage/tnbc/OPTRASCAN_IISER_Round_2/IISER_Box_4/New folder (2)/20200220-515-191_17-1049_17A-HER2-Biopsy-HnE-40X.jp2'
/bin/sh: -c: line 0: syntax error near unexpected token `('
/bin/sh: -c: line 0: `md5sum /storage/tnbc/OPTRASCAN_IISER_Round_2/IISER_Box_4/New folder (2)/20200220-42-175_16-2493_16_A-HER2-Biopsy-HnE-40X.jp2'
/bin/sh: -c: line 0: syntax error near unexpected token `('
/bin/sh: -c: line 0: `md5sum /storage/tnbc/OPTRASCAN_IISER_Round_2/IISER_Box_4/New folder (2)/20200220-356-191_18-1264_18D-HER2-Surgery-HnE-40X.jp2'
/bin/sh: -c: line 0: syntax error near unexpected token `('
/bin/sh: -c: line 0: `md5sum /storage/tnbc/OPTRASCAN_IISER_Round_2/IISER_Box_4/New folder (2)/20200220-42-175_16-2493_16_A-HER2-Biopsy-HnE-40X.xml'
/bin/sh: -c: line 0: syntax error near unexpected token `('
/bin/sh: -c: line 0: `md5sum /storage/tnbc/OPTRASCAN_IISER_Round_2/IISER_Box_4/New folder (2)/20200220-536-602_17-4541_17_A-HER2-Biopsy-HnE-40X.jp2'
/bin/sh: -c: line 0: syntax error near unexpected token `('
/bin/sh: -c: line 0: `md5sum /storage/tnbc/OPTRASCAN_IISER_Round_2/IISER_Box_4/New folder (2)/20200220-448-557_18-3605_18_FS7-TNBC-Surgery-HnE-40X.jp2'
/bin/sh: -c: line 0: syntax error near unexpected token `('
/bin/sh: -c: line 0: `md5sum /storage/tnbc/OPTRASCAN_IISER_Round_2/IISER_Box_4/New folder (2)/20200220-193-669_15-5744_15(A)-HER2-Biopsy-HnE-40X.jp2'
/bin/sh: -c: line 0: syntax error near unexpected token `('
/bin/sh: -c: line 0: `md5sum /storage/tnbc/OPTRASCAN_IISER_Round_2/IISER_Box_4/New folder (2)/20200220-312-257_16-2302_16H17-TNBC-Surgery-HnE-40X.jp2'
/bin/sh: -c: line 0: syntax error near unexpected token `('
/bin/sh: -c: line 0: `md5sum /storage/tnbc/OPTRASCAN_IISER_Round_2/IISER_Box_4/New folder (2)/20200220-590-764_18-5144_18D-HER2-Surgery-HnE-40X.jp2'
/bin/sh: -c: line 0: syntax error near unexpected token `('
/bin/sh: -c: line 0: `md5sum /storage/tnbc/OPTRASCAN_IISER_Round_2/IISER_Box_4/New folder (2)/20200220-203-527_17-3393_17N-TNBC-Surgery-HnE-40X.jp2'
/bin/sh: -c: line 0: syntax error near unexpected token `('
/bin/sh: -c: line 0: `md5sum /storage/tnbc/OPTRASCAN_IISER_Round_2/IISER_Box_4/New folder (2)/20200220-243-635_17-4828_17(A)-HER2-Biopsy-HnE-40X.jp2'
/bin/sh: -c: line 0: syntax error near unexpected token `('
/bin/sh: -c: line 0: `md5sum /storage/tnbc/OPTRASCAN_IISER_Round_2/IISER_Box_4/New folder (2)/20200220-444-560_18-3510_18I-HER2-Surgery-HnE-40X.jp2'
/bin/sh: -c: line 0: syntax error near unexpected token `('
/bin/sh: -c: line 0: `md5sum /storage/tnbc/OPTRASCAN_IISER_Round_2/IISER_Box_4/New folder (2)/20200220-137-140_15-3425_15A-HER2-Biopsy-HnE-40X.jp2'
/bin/sh: -c: line 0: syntax error near unexpected token `('
/bin/sh: -c: line 0: `md5sum /storage/tnbc/OPTRASCAN_IISER_Round_2/IISER_Box_4/New folder (2)/20200220-382-285_12-2736_12_D-TNBC-Surgery-HnE-40X.jp2'
/bin/sh: -c: line 0: syntax error near unexpected token `('
/bin/sh: -c: line 0: `md5sum /storage/tnbc/OPTRASCAN_IISER_Round_2/IISER_Box_4/New folder (2)/20200220-300-593_15-B_1964_15_B7-TNBC-Surgery-HnE-40X.jp2'
/bin/sh: -c: line 0: syntax error near unexpected token `('
/bin/sh: -c: line 0: `md5sum /storage/tnbc/OPTRASCAN_IISER_Round_2/IISER_Box_4/New folder (2)/20200220-582-183_16-1548_16-HER2-Biopsy-HnE-40X.jp2'
/bin/sh: -c: line 0: syntax error near unexpected token `('
/bin/sh: -c: line 0: `md5sum /storage/tnbc/OPTRASCAN_IISER_Round_2/IISER_Box_4/New folder (2)/20200220-150-346_14-1168_05A-HER2-Surgery-HnE-40X.jp2'
/bin/sh: -c: line 0: syntax error near unexpected token `('
/bin/sh: -c: line 0: `md5sum /storage/tnbc/OPTRASCAN_IISER_Round_2/IISER_Box_4/New folder (2)/20200220-462-654_18-4166_18_L-TNBC-Surgery-HnE-40X.jp2'
/bin/sh: -c: line 0: syntax error near unexpected token `('
/bin/sh: -c: line 0: `md5sum /storage/tnbc/OPTRASCAN_IISER_Round_2/IISER_Box_4/New folder (2)/20200220-346-266_17-2079_07_F-TNBC-Surgery-HnE-40X.jp2'
/bin/sh: -c: line 0: syntax error near unexpected token `('
/bin/sh: -c: line 0: `md5sum /storage/tnbc/OPTRASCAN_IISER_Round_2/IISER_Box_4/New folder (2)/20200220-54-563_15-G_15_3713_A-HER2-Biopsy-HnE-40X.jp2'
/bin/sh: -c: line 0: syntax error near unexpected token `('
/bin/sh: -c: line 0: `md5sum /storage/tnbc/OPTRASCAN_IISER_Round_2/IISER_Box_4/New folder (2)/20200220-336-268_14-G_14_3409_C-TNBC-Surgery-HnE-40X.jp2'
/bin/sh: -c: line 0: syntax error near unexpected token `('
/bin/sh: -c: line 0: `md5sum /storage/tnbc/OPTRASCAN_IISER_Round_2/IISER_Box_4/New folder (2)/GPUCache/data_2'
/bin/sh: -c: line 0: syntax error near unexpected token `('
/bin/sh: -c: line 0: `md5sum /storage/tnbc/OPTRASCAN_IISER_Round_2/IISER_Box_4/New folder (2)/GPUCache/index'
/bin/sh: -c: line 0: syntax error near unexpected token `('
/bin/sh: -c: line 0: `md5sum /storage/tnbc/OPTRASCAN_IISER_Round_2/IISER_Box_4/New folder (2)/GPUCache/data_0'
/bin/sh: -c: line 0: syntax error near unexpected token `('
/bin/sh: -c: line 0: `md5sum /storage/tnbc/OPTRASCAN_IISER_Round_2/IISER_Box_4/New folder (2)/GPUCache/data_3'
/bin/sh: -c: line 0: syntax error near unexpected token `('
/bin/sh: -c: line 0: `md5sum /storage/tnbc/OPTRASCAN_IISER_Round_2/IISER_Box_4/New folder (2)/GPUCache/data_1'
/bin/sh: -c: line 0: syntax error near unexpected token `('
/bin/sh: -c: line 0: `md5sum /storage/tnbc/OPTRASCAN_IISER_Round_2/IISER_BOX_1/20200220-430-534_18-1441_18_(A)-HER2-Biopsy-HER3-40X.jp2'
/bin/sh: -c: line 0: syntax error near unexpected token `('
/bin/sh: -c: line 0: `md5sum /storage/tnbc/OPTRASCAN_IISER_Round_2/IISER_BOX_1/20200220-498-173_18-249_18_(A)-HER2-Biopsy-Ki-67-40X.jp2'
/bin/sh: -c: line 0: syntax error near unexpected token `('
/bin/sh: -c: line 0: `md5sum /storage/tnbc/OPTRASCAN_IISER_Round_2/IISER_BOX_1/20200220-193-669_15-5744_15_(A)-HER2-Biopsy-HER3-40X.jp2'
/bin/sh: -c: line 0: syntax error near unexpected token `('
/bin/sh: -c: line 0: `md5sum /storage/tnbc/OPTRASCAN_IISER_Round_2/IISER_BOX_1/20200220-192-667_16-4407_16_(A)-HER2-biopsy-HER3-40X.jp2'
/bin/sh: -c: line 0: syntax error near unexpected token `('
/bin/sh: -c: line 0: `md5sum /storage/tnbc/OPTRASCAN_IISER_Round_2/IISER_BOX_1/20200220-516-329_18-815_18_(A)-HER2-Biopsy-Ki-67-40X.jp2'
/bin/sh: -c: line 0: syntax error near unexpected token `('
/bin/sh: -c: line 0: `md5sum /storage/tnbc/OPTRASCAN_IISER_Round_2/IISER_BOX_1/20200220-243-635_17-4828_17(A)-HER2-Biopsy-HER3-40X.jp2'
/bin/sh: -c: line 0: syntax error near unexpected token `('
/bin/sh: -c: line 0: `md5sum /storage/tnbc/OPTRASCAN_IISER_Round_2/IISER_BOX_1/20200220-422-420_18-1128_18_(A)-HER2-Biopsy-HER3-40X.jp2'
/bin/sh: -c: line 0: syntax error near unexpected token `('
/bin/sh: -c: line 0: `md5sum /storage/tnbc/OPTRASCAN_IISER_Round_2/IISER_BOX_1/20200220-498-173_18-249_18_(A)-HER2-Biopsy-HER3-40X.jp2'
/bin/sh: -c: line 0: syntax error near unexpected token `('
/bin/sh: -c: line 0: `md5sum /storage/tnbc/OPTRASCAN_IISER_Round_2/IISER_BOX_1/20200220-516-329_18-815_18_(A)-HER2-Biopsy-HER3-40X.jp2'
/bin/sh: -c: line 0: syntax error near unexpected token `('
/bin/sh: -c: line 0: `md5sum /storage/tnbc/OPTRASCAN_IISER_Round_2/IISER_BOX_1/tif/20200220-430-534_18-1441_18_(A)-HER2-Biopsy-HER3-40X.tif'
/bin/sh: -c: line 0: syntax error near unexpected token `('
/bin/sh: -c: line 0: `md5sum /storage/tnbc/OPTRASCAN_IISER_Round_2/IISER_BOX_1/tif/20200220-192-667_16-4407_16_(A)-HER2-biopsy-HER3-40X.tif'
/bin/sh: -c: line 0: syntax error near unexpected token `('
/bin/sh: -c: line 0: `md5sum /storage/tnbc/OPTRASCAN_IISER_Round_2/IISER_BOX_1/tif/20200220-516-329_18-815_18_(A)-HER2-Biopsy-HER3-40X.tif'
/bin/sh: -c: line 0: syntax error near unexpected token `('
/bin/sh: -c: line 0: `md5sum /storage/tnbc/OPTRASCAN_IISER_Round_2/IISER_BOX_1/tif/20200220-498-173_18-249_18_(A)-HER2-Biopsy-Ki-67-40X.tif'
/bin/sh: -c: line 0: syntax error near unexpected token `('
/bin/sh: -c: line 0: `md5sum /storage/tnbc/OPTRASCAN_IISER_Round_2/IISER_BOX_1/tif/20200220-243-635_17-4828_17(A)-HER2-Biopsy-HER3-40X.tif'
/bin/sh: -c: line 0: syntax error near unexpected token `('
/bin/sh: -c: line 0: `md5sum /storage/tnbc/OPTRASCAN_IISER_Round_2/IISER_BOX_1/tif/20200220-516-329_18-815_18_(A)-HER2-Biopsy-Ki-67-40X.tif'
/bin/sh: -c: line 0: syntax error near unexpected token `('
/bin/sh: -c: line 0: `md5sum /storage/tnbc/OPTRASCAN_IISER_Round_2/IISER_BOX_1/tif/20200220-498-173_18-249_18_(A)-HER2-Biopsy-HER3-40X.tif'
/bin/sh: -c: line 0: syntax error near unexpected token `('
/bin/sh: -c: line 0: `md5sum /storage/tnbc/OPTRASCAN_IISER_Round_2/IISER_BOX_1/tif/20200220-193-669_15-5744_15_(A)-HER2-Biopsy-HER3-40X.tif'
/bin/sh: -c: line 0: syntax error near unexpected token `('
/bin/sh: -c: line 0: `md5sum /storage/tnbc/OPTRASCAN_IISER_Round_2/IISER_BOX_1/tif/20200220-422-420_18-1128_18_(A)-HER2-Biopsy-HER3-40X.tif'
/bin/sh: -c: line 0: syntax error near unexpected token `('
/bin/sh: -c: line 0: `md5sum /storage/tnbc/OPTRASCAN_IISER_Round_2/IISER_BOX_7/20200220-607-832_18-2654_18(A)-ER-Biopsy-YAP-40X.jp2'
/bin/sh: -c: line 0: syntax error near unexpected token `('
/bin/sh: -c: line 0: `md5sum /storage/tnbc/OPTRASCAN_IISER_Round_2/IISER_BOX_7/20200220-504-150_18-201_18(A)-ER-Biopsy-YAP-40X.jp2'
/bin/sh: -c: line 0: syntax error near unexpected token `('
/bin/sh: -c: line 0: `md5sum /storage/tnbc/OPTRASCAN_IISER_Round_2/IISER_BOX_7/20200220-509-651_18-1880_18(A)-ER-Biopsy-YAP-40X.jp2'
/bin/sh: -c: line 0: syntax error near unexpected token `('
/bin/sh: -c: line 0: `md5sum /storage/tnbc/OPTRASCAN_IISER_Round_2/IISER_BOX_7/20200220-611-634_18-1813_18(A)-ER-Biopsy-YAP-40X.jp2'
/bin/sh: -c: line 0: syntax error near unexpected token `('
/bin/sh: -c: line 0: `md5sum /storage/tnbc/OPTRASCAN_IISER_Round_2/IISER_BOX_7/20200220-528-25_16-2288_16(1)-ER-Biopsy-YAP-40X.jp2'
/bin/sh: -c: line 0: syntax error near unexpected token `('
/bin/sh: -c: line 0: `md5sum /storage/tnbc/OPTRASCAN_IISER_Round_2/IISER_BOX_7/20200220-495-163_18-238_18(A)-ER-Biopsy-YAP-40X.jp2'
/bin/sh: -c: line 0: syntax error near unexpected token `('
/bin/sh: -c: line 0: `md5sum /storage/tnbc/OPTRASCAN_IISER_Round_2/IISER_BOX_7/20200220-241-798_15-3181_15(A)-ER-Biopsy-YAP-40X.jp2'
/bin/sh: -c: line 0: syntax error near unexpected token `('
/bin/sh: -c: line 0: `md5sum /storage/tnbc/OPTRASCAN_IISER_Round_2/IISER_BOX_7/20200220-460-286_18-613_18(A)-ER-Biopsy-YAP-40X.jp2'
/bin/sh: -c: line 0: syntax error near unexpected token `('
/bin/sh: -c: line 0: `md5sum /storage/tnbc/OPTRASCAN_IISER_Round_2/IISER_BOX_7/20200220-523-764_15-3683_15(A)-ER-Biopsy-YAP-40X.jp2'
/bin/sh: -c: line 0: syntax error near unexpected token `('
/bin/sh: -c: line 0: `md5sum /storage/tnbc/OPTRASCAN_IISER_Round_2/IISER_BOX_7/20200220-530-323_18-795_18(A)-ER-Biopsy-YAP-40X.jp2'
/bin/sh: -c: line 0: syntax error near unexpected token `('
/bin/sh: -c: line 0: `md5sum /storage/tnbc/OPTRASCAN_IISER_Round_2/IISER_BOX_7/20200220-572-300_17-2051_17(A)-ER-Biopsy-YAP-40X.jp2'
/bin/sh: -c: line 0: syntax error near unexpected token `('
/bin/sh: -c: line 0: `md5sum /storage/tnbc/OPTRASCAN_IISER_Round_2/IISER_BOX_7/20200220-499-486_18-1316_18(A)-ER-Biopsy-YAP-40X.jp2'
/bin/sh: -c: line 0: syntax error near unexpected token `('
/bin/sh: -c: line 0: `md5sum /storage/tnbc/OPTRASCAN_IISER_Round_2/IISER_BOX_7/20200220-503-614_17-4641_17(A)-ER-Biopsy-YAP-40X.jp2'
/bin/sh: -c: line 0: syntax error near unexpected token `('
/bin/sh: -c: line 0: `md5sum /storage/tnbc/OPTRASCAN_IISER_Round_2/IISER_BOX_7/20200220-513-132_18-178_18(A)-ER-Biopsy-YAP-40X.jp2'
/bin/sh: -c: line 0: syntax error near unexpected token `('
/bin/sh: -c: line 0: `md5sum /storage/tnbc/OPTRASCAN_IISER_Round_2/IISER_BOX_7/20200220-511-678_18-JH_602_18(B)-ER-Biopsy-YAP-40X.jp2'
/bin/sh: -c: line 0: syntax error near unexpected token `('
/bin/sh: -c: line 0: `md5sum /storage/tnbc/OPTRASCAN_IISER_Round_2/IISER_BOX_7/20200220-505-80_19-260_19(A)-ER-Biopsy-YAP-40X.jp2'
/bin/sh: -c: line 0: syntax error near unexpected token `('
/bin/sh: -c: line 0: `md5sum /storage/tnbc/OPTRASCAN_IISER_Round_2/IISER_BOX_7/20200220-519-319_18-754_18(A)-ER-Biopsy-YAP-40X.jp2'
/bin/sh: -c: line 0: syntax error near unexpected token `('
/bin/sh: -c: line 0: `md5sum /storage/tnbc/OPTRASCAN_IISER_Round_2/IISER_BOX_7/Tif/20200220-509-651_18-1880_18(A)-ER-Biopsy-YAP-40X.tif'
/bin/sh: -c: line 0: syntax error near unexpected token `('
/bin/sh: -c: line 0: `md5sum /storage/tnbc/OPTRASCAN_IISER_Round_2/IISER_BOX_7/Tif/20200220-513-132_18-178_18(A)-ER-Biopsy-YAP-40X.tif'
/bin/sh: -c: line 0: syntax error near unexpected token `('
/bin/sh: -c: line 0: `md5sum /storage/tnbc/OPTRASCAN_IISER_Round_2/IISER_BOX_7/Tif/20200220-499-486_18-1316_18(A)-ER-Biopsy-YAP-40X.tif'
/bin/sh: -c: line 0: syntax error near unexpected token `('
/bin/sh: -c: line 0: `md5sum /storage/tnbc/OPTRASCAN_IISER_Round_2/IISER_BOX_7/Tif/20200220-607-832_18-2654_18(A)-ER-Biopsy-YAP-40X.tif'
/bin/sh: -c: line 0: syntax error near unexpected token `('
/bin/sh: -c: line 0: `md5sum /storage/tnbc/OPTRASCAN_IISER_Round_2/IISER_BOX_7/Tif/20200220-460-286_18-613_18(A)-ER-Biopsy-YAP-40X.tif'
/bin/sh: -c: line 0: syntax error near unexpected token `('
/bin/sh: -c: line 0: `md5sum /storage/tnbc/OPTRASCAN_IISER_Round_2/IISER_BOX_7/Tif/20200220-611-634_18-1813_18(A)-ER-Biopsy-YAP-40X.tif'
/bin/sh: -c: line 0: syntax error near unexpected token `('
/bin/sh: -c: line 0: `md5sum /storage/tnbc/OPTRASCAN_IISER_Round_2/IISER_BOX_7/Tif/20200220-572-300_17-2051_17(A)-ER-Biopsy-YAP-40X.tif'
/bin/sh: -c: line 0: syntax error near unexpected token `('
/bin/sh: -c: line 0: `md5sum /storage/tnbc/OPTRASCAN_IISER_Round_2/IISER_BOX_7/Tif/20200220-519-319_18-754_18(A)-ER-Biopsy-YAP-40X.tif'
/bin/sh: -c: line 0: syntax error near unexpected token `('
/bin/sh: -c: line 0: `md5sum /storage/tnbc/OPTRASCAN_IISER_Round_2/IISER_BOX_7/Tif/20200220-530-323_18-795_18(A)-ER-Biopsy-YAP-40X.tif'
/bin/sh: -c: line 0: syntax error near unexpected token `('
/bin/sh: -c: line 0: `md5sum /storage/tnbc/OPTRASCAN_IISER_Round_2/IISER_BOX_7/Tif/20200220-505-80_19-260_19(A)-ER-Biopsy-YAP-40X.tif'
/bin/sh: -c: line 0: syntax error near unexpected token `('
/bin/sh: -c: line 0: `md5sum /storage/tnbc/OPTRASCAN_IISER_Round_2/IISER_BOX_7/Tif/20200220-241-798_15-3181_15(A)-ER-Biopsy-YAP-40X.tif'
/bin/sh: -c: line 0: syntax error near unexpected token `('
/bin/sh: -c: line 0: `md5sum /storage/tnbc/OPTRASCAN_IISER_Round_2/IISER_BOX_7/Tif/20200220-504-150_18-201_18(A)-ER-Biopsy-YAP-40X.tif'
/bin/sh: -c: line 0: syntax error near unexpected token `('
/bin/sh: -c: line 0: `md5sum /storage/tnbc/OPTRASCAN_IISER_Round_2/IISER_BOX_7/Tif/20200220-495-163_18-238_18(A)-ER-Biopsy-YAP-40X.tif'
/bin/sh: -c: line 0: syntax error near unexpected token `('
/bin/sh: -c: line 0: `md5sum /storage/tnbc/OPTRASCAN_IISER_Round_2/IISER_BOX_7/Tif/20200220-511-678_18-JH_602_18(B)-ER-Biopsy-YAP-40X.tif'
/bin/sh: -c: line 0: syntax error near unexpected token `('
/bin/sh: -c: line 0: `md5sum /storage/tnbc/OPTRASCAN_IISER_Round_2/IISER_BOX_7/Tif/20200220-528-25_16-2288_16(1)-ER-Biopsy-YAP-40X.tif'
/bin/sh: -c: line 0: syntax error near unexpected token `('
/bin/sh: -c: line 0: `md5sum /storage/tnbc/OPTRASCAN_IISER_Round_2/IISER_BOX_7/Tif/20200220-503-614_17-4641_17(A)-ER-Biopsy-YAP-40X.tif'
/bin/sh: -c: line 0: syntax error near unexpected token `('
/bin/sh: -c: line 0: `md5sum /storage/tnbc/OPTRASCAN_IISER_Round_2/IISER_BOX_7/Tif/20200220-523-764_15-3683_15(A)-ER-Biopsy-YAP-40X.tif'
/bin/sh: -c: line 0: syntax error near unexpected token `('
/bin/sh: -c: line 0: `md5sum /storage/tnbc/OPTRASCAN_IISER_Round_2/IISER_BOX_6/20200220-500-479_18-1267_18(A)-TNBC-Biopsy-AR-40X.jp2'
/bin/sh: -c: line 0: syntax error near unexpected token `('
/bin/sh: -c: line 0: `md5sum /storage/tnbc/OPTRASCAN_IISER_Round_2/IISER_BOX_6/20200220-500-479_18-1267_18(A)-TNBC-Biopsy-HER3-40X.jp2'
/bin/sh: -c: line 0: syntax error near unexpected token `('
/bin/sh: -c: line 0: `md5sum /storage/tnbc/OPTRASCAN_IISER_Round_2/IISER_BOX_6/20200220-85-308_13-G_13_2654(A)-TNBC-Biopsy-AR-40X.jp2'
/bin/sh: -c: line 0: syntax error near unexpected token `('
/bin/sh: -c: line 0: `md5sum /storage/tnbc/OPTRASCAN_IISER_Round_2/IISER_BOX_6/20200220-500-479_18-1267_18(A)-TNBC-Biopsy-CD31-40X.jp2'
/bin/sh: -c: line 0: syntax error near unexpected token `('
/bin/sh: -c: line 0: `md5sum /storage/tnbc/OPTRASCAN_IISER_Round_2/IISER_BOX_6/tif/20200220-500-479_18-1267_18(A)-TNBC-Biopsy-HER3-40X.tif'
/bin/sh: -c: line 0: syntax error near unexpected token `('
/bin/sh: -c: line 0: `md5sum /storage/tnbc/OPTRASCAN_IISER_Round_2/IISER_BOX_6/tif/20200220-85-308_13-G_13_2654(A)-TNBC-Biopsy-AR-40X.tif'
/bin/sh: -c: line 0: syntax error near unexpected token `('
/bin/sh: -c: line 0: `md5sum /storage/tnbc/OPTRASCAN_IISER_Round_2/IISER_BOX_6/tif/20200220-500-479_18-1267_18(A)-TNBC-Biopsy-CD31-40X.tif'
/bin/sh: -c: line 0: syntax error near unexpected token `('
/bin/sh: -c: line 0: `md5sum /storage/tnbc/OPTRASCAN_IISER_Round_2/IISER_BOX_6/tif/20200220-500-479_18-1267_18(A)-TNBC-Biopsy-AR-40X.tif'
/bin/sh: -c: line 0: syntax error near unexpected token `('
/bin/sh: -c: line 0: `md5sum /storage/tnbc/OPTRASCAN_IISER_Round_2/IISER_Box_2/20200220-498-173_18-249_18_(A)-HER2-Biopsy-CD31-40X.jp2'
/bin/sh: -c: line 0: syntax error near unexpected token `('
/bin/sh: -c: line 0: `md5sum /storage/tnbc/OPTRASCAN_IISER_Round_2/IISER_Box_2/20200220-422-420_18-1128_18_(A)-HER2-Biopsy-AR-40X.jp2'
/bin/sh: -c: line 0: syntax error near unexpected token `('
/bin/sh: -c: line 0: `md5sum /storage/tnbc/OPTRASCAN_IISER_Round_2/IISER_Box_2/20200220-430-534_18-1441_18_(A)-HER2-Biopsy-AR-40X.jp2'
/bin/sh: -c: line 0: syntax error near unexpected token `('
/bin/sh: -c: line 0: `md5sum /storage/tnbc/OPTRASCAN_IISER_Round_2/IISER_Box_2/20200220-516-329_18-815_18_(A)-HER2-Biopsy-AR-40X.jp2'
/bin/sh: -c: line 0: syntax error near unexpected token `('
/bin/sh: -c: line 0: `md5sum /storage/tnbc/OPTRASCAN_IISER_Round_2/IISER_Box_2/20200220-498-173_18-249_18_(A)-HER2-Biopsy-AR-40X.jp2'
/bin/sh: -c: line 0: syntax error near unexpected token `('
/bin/sh: -c: line 0: `md5sum /storage/tnbc/OPTRASCAN_IISER_Round_2/IISER_Box_2/20200220-516-329_18-815_18_(A)-HER2-Biopsy-CD31-40X.jp2'
/bin/sh: -c: line 0: syntax error near unexpected token `('
/bin/sh: -c: line 0: `md5sum /storage/tnbc/OPTRASCAN_IISER_Round_2/IISER_Box_2/Tif/20200220-516-329_18-815_18_(A)-HER2-Biopsy-AR-40X.tif'
/bin/sh: -c: line 0: syntax error near unexpected token `('
/bin/sh: -c: line 0: `md5sum /storage/tnbc/OPTRASCAN_IISER_Round_2/IISER_Box_2/Tif/20200220-430-534_18-1441_18_(A)-HER2-Biopsy-AR-40X.tif'
/bin/sh: -c: line 0: syntax error near unexpected token `('
/bin/sh: -c: line 0: `md5sum /storage/tnbc/OPTRASCAN_IISER_Round_2/IISER_Box_2/Tif/20200220-498-173_18-249_18_(A)-HER2-Biopsy-CD31-40X.tif'
/bin/sh: -c: line 0: syntax error near unexpected token `('
/bin/sh: -c: line 0: `md5sum /storage/tnbc/OPTRASCAN_IISER_Round_2/IISER_Box_2/Tif/20200220-516-329_18-815_18_(A)-HER2-Biopsy-CD31-40X.tif'
/bin/sh: -c: line 0: syntax error near unexpected token `('
/bin/sh: -c: line 0: `md5sum /storage/tnbc/OPTRASCAN_IISER_Round_2/IISER_Box_2/Tif/20200220-422-420_18-1128_18_(A)-HER2-Biopsy-AR-40X.tif'
/bin/sh: -c: line 0: syntax error near unexpected token `('
/bin/sh: -c: line 0: `md5sum /storage/tnbc/OPTRASCAN_IISER_Round_2/IISER_Box_2/Tif/20200220-498-173_18-249_18_(A)-HER2-Biopsy-AR-40X.tif'
md5sum: /storage/tnbc/OPTRASCAN_IISER_Round_3/20200907_Slides: No such file or directory
md5sum: to: No such file or directory
md5sum: be: No such file or directory
md5sum: imaged: No such file or directory
md5sum: by: No such file or directory
md5sum: Optra_Round: No such file or directory
md5sum: 3.xlsx: No such file or directory
md5sum: /storage/tnbc/OPTRASCAN_IISER_Round_3/IISER_BOX1_Tiff/20200908_186_40-13_177-13-B_ER_Biopsy_H: No such file or directory
/bin/sh: E_40X.tif: command not found
/bin/sh: E_40X.tif: command not found
md5sum: /storage/tnbc/OPTRASCAN_IISER_Round_3/IISER_BOX1_Tiff/20200908_681_275-19_988-19-A_TNBC_Biopsy_H: No such file or directory
/bin/sh: E_40X.tif: command not found
md5sum: /storage/tnbc/OPTRASCAN_IISER_Round_3/IISER_BOX1_Tiff/20200908_715_452-19_1678-19-C_TNBC_Biopsy_H: No such file or directory
/bin/sh: E_40X.tif: command not found
md5sum: /storage/tnbc/OPTRASCAN_IISER_Round_3/IISER_BOX1_Tiff/20200908_509_651-18_1880-18-A_ER_Biopsy_H: No such file or directory
/bin/sh: E_40X.tif: command not found
md5sum: /storage/tnbc/OPTRASCAN_IISER_Round_3/IISER_BOX1_Tiff/20200908_460_286-18_613-18-A_ER_Biopsy_H: No such file or directory
/bin/sh: E_40X.tif: command not found
md5sum: /storage/tnbc/OPTRASCAN_IISER_Round_3/IISER_BOX1_Tiff/20200908_523_764-15_3683-15-A_ER_Biopsy_H: No such file or directory
/bin/sh: E_40X.tif: command not found
md5sum: /storage/tnbc/OPTRASCAN_IISER_Round_3/IISER_BOX1_Tiff/20200908_768_315-19_1222-19-A_TNBC_Biopsy_H: No such file or directory
/bin/sh: E_40X.tif: command not found
md5sum: /storage/tnbc/OPTRASCAN_IISER_Round_3/IISER_BOX1_Tiff/20200908_776_235-19_927-19-A_TNBC_Biopsy_H: No such file or directory
/bin/sh: E_40X.tif: command not found
md5sum: /storage/tnbc/OPTRASCAN_IISER_Round_3/IISER_BOX1_Tiff/20200908_583_807-18_2354-18-A_ER_Biopsy_H: No such file or directory
/bin/sh: E_40X.tif: command not found
md5sum: /storage/tnbc/OPTRASCAN_IISER_Round_3/IISER_BOX1_Tiff/20200908_762_130-19_432-19-A_TNBC_Biopsy_H: No such file or directory
/bin/sh: E_40X.tif: command not found
md5sum: /storage/tnbc/OPTRASCAN_IISER_Round_3/IISER_BOX1_Tiff/20200908_571_100-16_674-16-A_HER2_Biopsy_H: No such file or directory
/bin/sh: E_40X.tif: command not found
md5sum: /storage/tnbc/OPTRASCAN_IISER_Round_3/IISER_BOX1_Tiff/20200908_495_163-18_238-18-A_ER_Biopsy_H: No such file or directory
/bin/sh: E_40X.tif: command not found
md5sum: /storage/tnbc/OPTRASCAN_IISER_Round_3/IISER_BOX1_Tiff/20200908_682_305-19_1165-19-A_TNBC_Biopsy_H: No such file or directory
/bin/sh: E_40X.tif: command not found
md5sum: /storage/tnbc/OPTRASCAN_IISER_Round_3/IISER_BOX1_Tiff/20200908_902_533-19_1944-19-A_TNBC_Biopsy_H: No such file or directory
/bin/sh: E_40X.tif: command not found
md5sum: /storage/tnbc/OPTRASCAN_IISER_Round_3/IISER_BOX1_Tiff/20200908_576_665-18_1915-18_HER2_Biopsy_H: No such file or directory
/bin/sh: E_40X.tif: command not found
md5sum: /storage/tnbc/OPTRASCAN_IISER_Round_3/IISER_BOX1_Tiff/20200908_782_344-19_1305-19-A_TNBC_Biopsy_H: No such file or directory
/bin/sh: E_40X.tif: command not found
md5sum: /storage/tnbc/OPTRASCAN_IISER_Round_3/IISER_BOX1_Tiff/20200908_759_342-19_1316-19-A_TNBC_Biopsy_H: No such file or directory
/bin/sh: E_40X.tif: command not found
md5sum: /storage/tnbc/OPTRASCAN_IISER_Round_3/IISER_BOX1_Tiff/20200908_516_329-18_815-18-A_HER2_Biopsy_H: No such file or directory
/bin/sh: E_40X.tif: command not found
md5sum: /storage/tnbc/OPTRASCAN_IISER_Round_3/IISER_BOX1_Tiff/20200908_498_173-18_249-18-A_HER2_Biopsy_H: No such file or directory
/bin/sh: E_40X.tif: command not found
md5sum: /storage/tnbc/OPTRASCAN_IISER_Round_3/IISER_BOX1_Tiff/20200908_388_236-18_452-18-A_ER_Biopsy_H: No such file or directory
/bin/sh: E_40X.tif: command not found
md5sum: /storage/tnbc/OPTRASCAN_IISER_Round_3/IISER_BOX1_Tiff/20200908_319_98-13_375-B_TNBC_Surgery_H: No such file or directory
/bin/sh: E_40X.tif: command not found
md5sum: /storage/tnbc/OPTRASCAN_IISER_Round_3/IISER_BOX1_Tiff/20200908_810_748-19_2990-19-A_TNBC_Biopsy_H: No such file or directory
/bin/sh: E_40X.tif: command not found
md5sum: /storage/tnbc/OPTRASCAN_IISER_Round_3/IISER_BOX1_Tiff/20200908_511_678-18_JH-602-18-B_ER_Biopsy_H: No such file or directory
/bin/sh: E_40X.tif: command not found
md5sum: /storage/tnbc/OPTRASCAN_IISER_Round_3/IISER_BOX1_Tiff/20200908_746_122-19_405-19-A_TNBC_Biopsy_H: No such file or directory
/bin/sh: E_40X.tif: command not found
md5sum: /storage/tnbc/OPTRASCAN_IISER_Round_3/IISER_BOX1_Tiff/20200908_673_264-19_1761-19-A_TNBC_Surgery_H: No such file or directory
/bin/sh: E_40X.tif: command not found
md5sum: /storage/tnbc/OPTRASCAN_IISER_Round_3/IISER_BOX1_Tiff/20200908_484_603-18_1708-18-A_ER_Biopsy_H: No such file or directory
/bin/sh: E_40X.tif: command not found
md5sum: /storage/tnbc/OPTRASCAN_IISER_Round_3/IISER_BOX1_Tiff/20200908_611_634-18_1813-18-A_ER_Biopsy_H: No such file or directory
/bin/sh: E_40X.tif: command not found
md5sum: /storage/tnbc/OPTRASCAN_IISER_Round_3/IISER_BOX1_Tiff/20200908_236_627-17_4789-17-A_ER_Biopsy_H: No such file or directory
/bin/sh: E_40X.tif: command not found
md5sum: /storage/tnbc/OPTRASCAN_IISER_Round_3/IISER_BOX1_Tiff/20200908_499_486-18_1316-18-A_ER_Biopsy_H: No such file or directory
/bin/sh: E_40X.tif: command not found
md5sum: /storage/tnbc/OPTRASCAN_IISER_Round_3/IISER_BOX1_Tiff/20200908_778_231-16_1593-19-A_TNBC_Biopsy_H: No such file or directory
/bin/sh: E_40X.tif: command not found
md5sum: /storage/tnbc/OPTRASCAN_IISER_Round_3/IISER_BOX1_Tiff/20200908_796_635-19_1651-19_TNBC_Surgery_H: No such file or directory
/bin/sh: E_40X.tif: command not found
md5sum: /storage/tnbc/OPTRASCAN_IISER_Round_3/IISER_BOX1_Tiff/20200908_878_856-19_4464-19-A_TNBC_Biopsy_H: No such file or directory
/bin/sh: E_40X.tif: command not found
md5sum: /storage/tnbc/OPTRASCAN_IISER_Round_3/IISER_BOX1_Tiff/20200908_842_786-19_2952-19-A_TNBC_Biopsy_H: No such file or directory
/bin/sh: E_40X.tif: command not found
md5sum: /storage/tnbc/OPTRASCAN_IISER_Round_3/IISER_BOX1_Tiff/20200908_505_80-19_260-19-A_ER_Biopsy_H: No such file or directory
/bin/sh: E_40X.tif: command not found
md5sum: /storage/tnbc/OPTRASCAN_IISER_Round_3/IISER_BOX1_Tiff/20200908_872_537-19_1942-19-A_TNBC_Biopsy_H: No such file or directory
/bin/sh: E_40X.tif: command not found
md5sum: /storage/tnbc/OPTRASCAN_IISER_Round_3/IISER_BOX1_Tiff/20200908_528_25-16_2288-16-1_ER_Biopsy_H: No such file or directory
/bin/sh: E_40X.tif: command not found
md5sum: /storage/tnbc/OPTRASCAN_IISER_Round_3/IISER_BOX1_Tiff/20200908_926_101-20_99-20-A_TNBC_Biopsy_H: No such file or directory
/bin/sh: E_40X.tif: command not found
md5sum: /storage/tnbc/OPTRASCAN_IISER_Round_3/IISER_BOX1_Tiff/20200908_504_150-18_201-18-A_ER_Biopsy_H: No such file or directory
/bin/sh: E_40X.tif: command not found
md5sum: /storage/tnbc/OPTRASCAN_IISER_Round_3/IISER_BOX1_Tiff/20200908_476_544-15_3593-A_ER_Biopsy_H: No such file or directory
/bin/sh: E_40X.tif: command not found
md5sum: /storage/tnbc/OPTRASCAN_IISER_Round_3/IISER_BOX1_Tiff/20200908_607_832-18_2654-18-A_ER_Biopsy_H: No such file or directory
/bin/sh: E_40X.tif: command not found
md5sum: /storage/tnbc/OPTRASCAN_IISER_Round_3/IISER_BOX1_Tiff/20200908_513_132-18_178-18-A_ER_Biopsy_H: No such file or directory
/bin/sh: E_40X.tif: command not found
md5sum: /storage/tnbc/OPTRASCAN_IISER_Round_3/IISER_BOX1_Tiff/20200908_575_500-17_3894-17-A_HER2_Biopsy_H: No such file or directory
/bin/sh: E_40X.tif: command not found
md5sum: /storage/tnbc/OPTRASCAN_IISER_Round_3/IISER_BOX1_Tiff/20200908_104_581-15_3937-15-A_ER_Biopsy_H: No such file or directory
/bin/sh: E_40X.tif: command not found
md5sum: /storage/tnbc/OPTRASCAN_IISER_Round_3/IISER_BOX1_Tiff/20200908_496_617-18_1865-18_HER2_Biopsy_H: No such file or directory
/bin/sh: E_40X.tif: command not found
md5sum: /storage/tnbc/OPTRASCAN_IISER_Round_3/IISER_BOX1_Tiff/20200908_873_744-19_2906-19-A_TNBC_Biopsy_H: No such file or directory
/bin/sh: E_40X.tif: command not found
md5sum: /storage/tnbc/OPTRASCAN_IISER_Round_3/IISER_BOX1_Tiff/20200908_503_614-17_4641-17-A_ER_Biopsy_H: No such file or directory
/bin/sh: E_40X.tif: command not found
md5sum: /storage/tnbc/OPTRASCAN_IISER_Round_3/IISER_BOX1_Tiff/20200908_285_119-18_567-18-B_ER_Biopsy_H: No such file or directory
/bin/sh: E_40X.tif: command not found
md5sum: /storage/tnbc/OPTRASCAN_IISER_Round_3/IISER_BOX1_Tiff/20200908_574_543-15_3591-15-A_HER2_Biopsy_H: No such file or directory
/bin/sh: E_40X.tif: command not found
md5sum: /storage/tnbc/OPTRASCAN_IISER_Round_3/IISER_BOX1_Tiff/20200908_745_107-19_388-19-A_TNBC_Biopsy_H: No such file or directory
/bin/sh: E_40X.tif: command not found
md5sum: /storage/tnbc/OPTRASCAN_IISER_Round_3/IISER_BOX1_Tiff/20200908_260_65-18_439-18-A_ER_Biopsy_H: No such file or directory
/bin/sh: E_40X.tif: command not found
md5sum: /storage/tnbc/OPTRASCAN_IISER_Round_3/IISER_BOX1_Tiff/20200908_501_27-19_52-19-A_ER_Biopsy_H: No such file or directory
/bin/sh: E_40X.tif: command not found
md5sum: /storage/tnbc/OPTRASCAN_IISER_Round_3/IISER_BOX1_Tiff/20200908_572_300-17_2051-17-A_ER_Biopsy_H: No such file or directory
/bin/sh: E_40X.tif: command not found
md5sum: /storage/tnbc/OPTRASCAN_IISER_Round_3/IISER_BOX1_Tiff/20200908_519_319-18_754-18-A_ER_Biopsy_H: No such file or directory
/bin/sh: E_40X.tif: command not found
md5sum: /storage/tnbc/OPTRASCAN_IISER_Round_3/IISER_BOX1_Tiff/20200908_241_798-15_3181-15-A_ER_Biopsy_H: No such file or directory
/bin/sh: E_40X.tif: command not found
md5sum: /storage/tnbc/OPTRASCAN_IISER_Round_3/IISER_BOX1_Tiff/20200908_500_479-18_1267-18-A_TNBC_Biopsy_H: No such file or directory
/bin/sh: E_40X.tif: command not found
md5sum: /storage/tnbc/OPTRASCAN_IISER_Round_3/IISER_BOX1_Tiff/20200908_518_59-19_768-19_HER2_Surgery_H: No such file or directory
/bin/sh: E_40X.jp2: command not found
md5sum: /storage/tnbc/OPTRASCAN_IISER_Round_3/IISER_BOX1_JP2/20200908_498_173-18_249-18-A_HER2_Biopsy_H: No such file or directory
/bin/sh: E_40X.jp2: command not found
md5sum: /storage/tnbc/OPTRASCAN_IISER_Round_3/IISER_BOX1_JP2/20200908_241_798-15_3181-15-A_ER_Biopsy_H: No such file or directory
/bin/sh: E_40X.jp2: command not found
md5sum: /storage/tnbc/OPTRASCAN_IISER_Round_3/IISER_BOX1_JP2/20200908_499_486-18_1316-18-A_ER_Biopsy_H: No such file or directory
/bin/sh: E_40X.jp2: command not found
md5sum: /storage/tnbc/OPTRASCAN_IISER_Round_3/IISER_BOX1_JP2/20200908_576_665-18_1915-18_HER2_Biopsy_H: No such file or directory
/bin/sh: E_40X.jp2: command not found
md5sum: /storage/tnbc/OPTRASCAN_IISER_Round_3/IISER_BOX1_JP2/20200908_516_329-18_815-18-A_HER2_Biopsy_H: No such file or directory
/bin/sh: E_40X.jp2: command not found
md5sum: /storage/tnbc/OPTRASCAN_IISER_Round_3/IISER_BOX1_JP2/20200908_319_98-13_375-B_TNBC_Surgery_H: No such file or directory
/bin/sh: E_40X.jp2: command not found
md5sum: /storage/tnbc/OPTRASCAN_IISER_Round_3/IISER_BOX1_JP2/20200908_782_344-19_1305-19-A_TNBC_Biopsy_H: No such file or directory
/bin/sh: E_40X.jp2: command not found
md5sum: /storage/tnbc/OPTRASCAN_IISER_Round_3/IISER_BOX1_JP2/20200908_505_80-19_260-19-A_ER_Biopsy_H: No such file or directory
/bin/sh: E_40X.jp2: command not found
md5sum: /storage/tnbc/OPTRASCAN_IISER_Round_3/IISER_BOX1_JP2/20200908_902_533-19_1944-19-A_TNBC_Biopsy_H: No such file or directory
/bin/sh: E_40X.jp2: command not found
md5sum: /storage/tnbc/OPTRASCAN_IISER_Round_3/IISER_BOX1_JP2/20200908_186_40-13_177-13-B_ER_Biopsy_H: No such file or directory
/bin/sh: E_40X.jp2: command not found
md5sum: /storage/tnbc/OPTRASCAN_IISER_Round_3/IISER_BOX1_JP2/20200908_476_544-15_3593-A_ER_Biopsy_H: No such file or directory
/bin/sh: E_40X.jp2: command not found
md5sum: /storage/tnbc/OPTRASCAN_IISER_Round_3/IISER_BOX1_JP2/20200908_500_479-18_1267-18-A_TNBC_Biopsy_H: No such file or directory
/bin/sh: E_40X.jp2: command not found
md5sum: /storage/tnbc/OPTRASCAN_IISER_Round_3/IISER_BOX1_JP2/20200908_260_65-18_439-18-A_ER_Biopsy_H: No such file or directory
/bin/sh: E_40X.jp2: command not found
md5sum: /storage/tnbc/OPTRASCAN_IISER_Round_3/IISER_BOX1_JP2/20200908_518_59-19_768-19_HER2_Surgery_H: No such file or directory
/bin/sh: E_40X.jp2: command not found
md5sum: /storage/tnbc/OPTRASCAN_IISER_Round_3/IISER_BOX1_JP2/20200908_682_305-19_1165-19-A_TNBC_Biopsy_H: No such file or directory
/bin/sh: E_40X.jp2: command not found
md5sum: /storage/tnbc/OPTRASCAN_IISER_Round_3/IISER_BOX1_JP2/20200908_504_150-18_201-18-A_ER_Biopsy_H: No such file or directory
/bin/sh: E_40X.jp2: command not found
md5sum: /storage/tnbc/OPTRASCAN_IISER_Round_3/IISER_BOX1_JP2/20200908_571_100-16_674-16-A_HER2_Biopsy_H: No such file or directory
/bin/sh: E_40X.jp2: command not found
md5sum: /storage/tnbc/OPTRASCAN_IISER_Round_3/IISER_BOX1_JP2/20200908_574_543-15_3591-15-A_HER2_Biopsy_H: No such file or directory
/bin/sh: E_40X.jp2: command not found
md5sum: /storage/tnbc/OPTRASCAN_IISER_Round_3/IISER_BOX1_JP2/20200908_681_275-19_988-19-A_TNBC_Biopsy_H: No such file or directory
/bin/sh: E_40X.jp2: command not found
md5sum: /storage/tnbc/OPTRASCAN_IISER_Round_3/IISER_BOX1_JP2/20200908_768_315-19_1222-19-A_TNBC_Biopsy_H: No such file or directory
/bin/sh: E_40X.jp2: command not found
md5sum: /storage/tnbc/OPTRASCAN_IISER_Round_3/IISER_BOX1_JP2/20200908_496_617-18_1865-18_HER2_Biopsy_H: No such file or directory
/bin/sh: E_40X.jp2: command not found
md5sum: /storage/tnbc/OPTRASCAN_IISER_Round_3/IISER_BOX1_JP2/20200908_611_634-18_1813-18-A_ER_Biopsy_H: No such file or directory
/bin/sh: E_40X.jp2: command not found
md5sum: /storage/tnbc/OPTRASCAN_IISER_Round_3/IISER_BOX1_JP2/20200908_810_748-19_2990-19-A_TNBC_Biopsy_H: No such file or directory
/bin/sh: E_40X.jp2: command not found
md5sum: /storage/tnbc/OPTRASCAN_IISER_Round_3/IISER_BOX1_JP2/20200908_104_581-15_3937-15-A_ER_Biopsy_H: No such file or directory
/bin/sh: E_40X.jp2: command not found
md5sum: /storage/tnbc/OPTRASCAN_IISER_Round_3/IISER_BOX1_JP2/20200908_776_235-19_927-19-A_TNBC_Biopsy_H: No such file or directory
/bin/sh: E_40X.jp2: command not found
md5sum: /storage/tnbc/OPTRASCAN_IISER_Round_3/IISER_BOX1_JP2/20200908_236_627-17_4789-17-A_ER_Biopsy_H: No such file or directory
/bin/sh: E_40X.jp2: command not found
md5sum: /storage/tnbc/OPTRASCAN_IISER_Round_3/IISER_BOX1_JP2/20200908_484_603-18_1708-18-A_ER_Biopsy_H: No such file or directory
/bin/sh: E_40X.jp2: command not found
md5sum: /storage/tnbc/OPTRASCAN_IISER_Round_3/IISER_BOX1_JP2/20200908_388_236-18_452-18-A_ER_Biopsy_H: No such file or directory
/bin/sh: E_40X.jp2: command not found
md5sum: /storage/tnbc/OPTRASCAN_IISER_Round_3/IISER_BOX1_JP2/20200908_460_286-18_613-18-A_ER_Biopsy_H: No such file or directory
/bin/sh: E_40X.jp2: command not found
md5sum: /storage/tnbc/OPTRASCAN_IISER_Round_3/IISER_BOX1_JP2/20200908_575_500-17_3894-17-A_HER2_Biopsy_H: No such file or directory
/bin/sh: E_40X.jp2: command not found
md5sum: /storage/tnbc/OPTRASCAN_IISER_Round_3/IISER_BOX1_JP2/20200908_509_651-18_1880-18-A_ER_Biopsy_H: No such file or directory
/bin/sh: E_40X.jp2: command not found
md5sum: /storage/tnbc/OPTRASCAN_IISER_Round_3/IISER_BOX1_JP2/20200908_715_452-19_1678-19-C_TNBC_Biopsy_H: No such file or directory
/bin/sh: E_40X.jp2: command not found
md5sum: /storage/tnbc/OPTRASCAN_IISER_Round_3/IISER_BOX1_JP2/20200908_842_786-19_2952-19-A_TNBC_Biopsy_H: No such file or directory
/bin/sh: E_40X.jp2: command not found
md5sum: /storage/tnbc/OPTRASCAN_IISER_Round_3/IISER_BOX1_JP2/20200908_285_119-18_567-18-B_ER_Biopsy_H: No such file or directory
/bin/sh: E_40X.jp2: command not found
md5sum: /storage/tnbc/OPTRASCAN_IISER_Round_3/IISER_BOX1_JP2/20200908_673_264-19_1761-19-A_TNBC_Surgery_H: No such file or directory
/bin/sh: E_40X.jp2: command not found
md5sum: /storage/tnbc/OPTRASCAN_IISER_Round_3/IISER_BOX1_JP2/20200908_607_832-18_2654-18-A_ER_Biopsy_H: No such file or directory
/bin/sh: E_40X.jp2: command not found
md5sum: /storage/tnbc/OPTRASCAN_IISER_Round_3/IISER_BOX1_JP2/20200908_583_807-18_2354-18-A_ER_Biopsy_H: No such file or directory
/bin/sh: E_40X.jp2: command not found
md5sum: /storage/tnbc/OPTRASCAN_IISER_Round_3/IISER_BOX1_JP2/20200908_778_231-16_1593-19-A_TNBC_Biopsy_H: No such file or directory
/bin/sh: E_40X.jp2: command not found
md5sum: /storage/tnbc/OPTRASCAN_IISER_Round_3/IISER_BOX1_JP2/20200908_796_635-19_1651-19_TNBC_Surgery_H: No such file or directory
/bin/sh: E_40X.jp2: command not found
md5sum: /storage/tnbc/OPTRASCAN_IISER_Round_3/IISER_BOX1_JP2/20200908_501_27-19_52-19-A_ER_Biopsy_H: No such file or directory
/bin/sh: E_40X.jp2: command not found
md5sum: /storage/tnbc/OPTRASCAN_IISER_Round_3/IISER_BOX1_JP2/20200908_745_107-19_388-19-A_TNBC_Biopsy_H: No such file or directory
/bin/sh: E_40X.jp2: command not found
md5sum: /storage/tnbc/OPTRASCAN_IISER_Round_3/IISER_BOX1_JP2/20200908_519_319-18_754-18-A_ER_Biopsy_H: No such file or directory
/bin/sh: E_40X.jp2: command not found
md5sum: /storage/tnbc/OPTRASCAN_IISER_Round_3/IISER_BOX1_JP2/20200908_873_744-19_2906-19-A_TNBC_Biopsy_H: No such file or directory
/bin/sh: E_40X.jp2: command not found
md5sum: /storage/tnbc/OPTRASCAN_IISER_Round_3/IISER_BOX1_JP2/20200908_762_130-19_432-19-A_TNBC_Biopsy_H: No such file or directory
/bin/sh: E_40X.jp2: command not found
md5sum: /storage/tnbc/OPTRASCAN_IISER_Round_3/IISER_BOX1_JP2/20200908_513_132-18_178-18-A_ER_Biopsy_H: No such file or directory
/bin/sh: E_40X.jp2: command not found
md5sum: /storage/tnbc/OPTRASCAN_IISER_Round_3/IISER_BOX1_JP2/20200908_572_300-17_2051-17-A_ER_Biopsy_H: No such file or directory
/bin/sh: E_40X.jp2: command not found
md5sum: /storage/tnbc/OPTRASCAN_IISER_Round_3/IISER_BOX1_JP2/20200908_878_856-19_4464-19-A_TNBC_Biopsy_H: No such file or directory
/bin/sh: E_40X.jp2: command not found
md5sum: /storage/tnbc/OPTRASCAN_IISER_Round_3/IISER_BOX1_JP2/20200908_523_764-15_3683-15-A_ER_Biopsy_H: No such file or directory
/bin/sh: E_40X.jp2: command not found
md5sum: /storage/tnbc/OPTRASCAN_IISER_Round_3/IISER_BOX1_JP2/20200908_528_25-16_2288-16-1_ER_Biopsy_H: No such file or directory
/bin/sh: E_40X.jp2: command not found
md5sum: /storage/tnbc/OPTRASCAN_IISER_Round_3/IISER_BOX1_JP2/20200908_511_678-18_JH-602-18-B_ER_Biopsy_H: No such file or directory
/bin/sh: E_40X.jp2: command not found
md5sum: /storage/tnbc/OPTRASCAN_IISER_Round_3/IISER_BOX1_JP2/20200908_926_101-20_99-20-A_TNBC_Biopsy_H: No such file or directory
/bin/sh: E_40X.jp2: command not found
md5sum: /storage/tnbc/OPTRASCAN_IISER_Round_3/IISER_BOX1_JP2/20200908_503_614-17_4641-17-A_ER_Biopsy_H: No such file or directory
/bin/sh: E_40X.jp2: command not found
md5sum: /storage/tnbc/OPTRASCAN_IISER_Round_3/IISER_BOX1_JP2/20200908_872_537-19_1942-19-A_TNBC_Biopsy_H: No such file or directory
/bin/sh: E_40X.jp2: command not found
md5sum: /storage/tnbc/OPTRASCAN_IISER_Round_3/IISER_BOX1_JP2/20200908_495_163-18_238-18-A_ER_Biopsy_H: No such file or directory
/bin/sh: E_40X.jp2: command not found
md5sum: /storage/tnbc/OPTRASCAN_IISER_Round_3/IISER_BOX1_JP2/20200908_746_122-19_405-19-A_TNBC_Biopsy_H: No such file or directory
/bin/sh: E_40X.jp2: command not found
md5sum: /storage/tnbc/OPTRASCAN_IISER_Round_3/IISER_BOX1_JP2/20200908_759_342-19_1316-19-A_TNBC_Biopsy_H: No such file or directory
md5sum: /storage/tnbc/OPTRASCAN_IISER_Round_7/20210525_Slides: No such file or directory
md5sum: to: No such file or directory
md5sum: be: No such file or directory
md5sum: imaged: No such file or directory
md5sum: by: No such file or directory
md5sum: Optra_Round: No such file or directory
md5sum: 7.xlsx: No such file or directory
md5sum: /storage/tnbc/OPTRASCAN_IISER_Round: No such file or directory
md5sum: 11/TIF/20220317_1031_377-20_4740-20-1_HER2_Biopsy_IHC-YAP_40X.tif: No such file or directory
md5sum: /storage/tnbc/OPTRASCAN_IISER_Round: No such file or directory
md5sum: 11/TIF/20220317_722_295-19_1132-19-A_HER2_Biopsy_IHC-YAP_40X.tif: No such file or directory
md5sum: /storage/tnbc/OPTRASCAN_IISER_Round: No such file or directory
md5sum: 11/TIF/20220317_927_19-20_128-20-8_HER2_Surgery_IHC-YAP_40X.tif: No such file or directory
md5sum: /storage/tnbc/OPTRASCAN_IISER_Round: No such file or directory
md5sum: 11/TIF/20220317_705_588-18_145-18-B_HER2_Biopsy_IHC-YAP_40X.tif: No such file or directory
md5sum: /storage/tnbc/OPTRASCAN_IISER_Round: No such file or directory
md5sum: 11/TIF/20220317_726_05-18_1246-19-16_HER2_Surgery_IHC-YAP_40X.tif: No such file or directory
md5sum: /storage/tnbc/OPTRASCAN_IISER_Round: No such file or directory
md5sum: 11/TIF/20220317_856_865-19_4475-19-A_HER2_Biopsy_IHC-YAP_40X.tif: No such file or directory
md5sum: /storage/tnbc/OPTRASCAN_IISER_Round: No such file or directory
md5sum: 11/TIF/20220317_1047_175-20_2151-20-A_HER2_Biopsy_IHC-YAP_40X.tif: No such file or directory
md5sum: /storage/tnbc/OPTRASCAN_IISER_Round: No such file or directory
md5sum: 11/TIF/20220317_888_943-19_107-20-A_HER2_Biopsy_IHC-YAP_40X.tif: No such file or directory
md5sum: /storage/tnbc/OPTRASCAN_IISER_Round: No such file or directory
md5sum: 11/TIF/20220317_706_418-19_1502-19-A_HER2_Biopsy_IHC-YAP_40X.tif: No such file or directory
md5sum: /storage/tnbc/OPTRASCAN_IISER_Round: No such file or directory
md5sum: 11/TIF/20220317_510_505-18_1380-18-A_HER2_Biopsy_IHC-YAP_40X.tif: No such file or directory
md5sum: /storage/tnbc/OPTRASCAN_IISER_Round: No such file or directory
md5sum: 11/TIF/20220317_728_416-19_765-19-3_HER2_surgery_IHC-YAP_40X.tif: No such file or directory
md5sum: /storage/tnbc/OPTRASCAN_IISER_Round: No such file or directory
md5sum: 11/TIF/20220317_996_269-20_1559-20-A_HER2_Biopsy_IHC-YAP_40X.tif: No such file or directory
md5sum: /storage/tnbc/OPTRASCAN_IISER_Round: No such file or directory
md5sum: 11/TIF/20220317_1161_547-20_3057-20-A_HER2_Biopsy_IHC-YAP_40X.tif: No such file or directory
md5sum: /storage/tnbc/OPTRASCAN_IISER_Round: No such file or directory
md5sum: 11/TIF/20220317_903_862-19_4496-19-A_HER2_Biopsy_IHC-YAP_40X.tif: No such file or directory
md5sum: /storage/tnbc/OPTRASCAN_IISER_Round: No such file or directory
md5sum: 11/TIF/20220317_979_201-20_1004-20-A_HER2_Biopsy_IHC-YAP_40X.tif: No such file or directory
md5sum: /storage/tnbc/OPTRASCAN_IISER_Round: No such file or directory
md5sum: 11/TIF/20220317_912_80-20_456-20-A_HER2_Biopsy_IHC-YAP_40X.tif: No such file or directory
md5sum: /storage/tnbc/OPTRASCAN_IISER_Round: No such file or directory
md5sum: 11/TIF/20220317_1032_348-20_Rt: No such file or directory
md5sum: 2048-20-A_HER2_Biopsy_IHC-YAP_40X.tif: No such file or directory
md5sum: /storage/tnbc/OPTRASCAN_IISER_Round: No such file or directory
md5sum: 11/TIF/20220317_867_821-19_8539-19-A_HER2_Biopsy_IHC-YAP_40X.tif: No such file or directory
md5sum: /storage/tnbc/OPTRASCAN_IISER_Round: No such file or directory
md5sum: 11/TIF/20220317_868_891-19_2404-19-8_HER2_Surgery_IHC-YAP_40X.tif: No such file or directory
md5sum: /storage/tnbc/OPTRASCAN_IISER_Round: No such file or directory
md5sum: 11/TIF/20220317_827_578-19_2096-19-A_HER2_Biopsy_IHC-YAP_40X.tif: No such file or directory
md5sum: /storage/tnbc/OPTRASCAN_IISER_Round: No such file or directory
md5sum: 11/TIF/20220317_1015_161-20_807-20-A_HER2_Biopsy_IHC-YAP_40X.tif: No such file or directory
md5sum: /storage/tnbc/OPTRASCAN_IISER_Round: No such file or directory
md5sum: 11/TIF/20220317_747_270-19_577-19-A1_HER2_Surgery_IHC-YAP_40X.tif: No such file or directory
md5sum: /storage/tnbc/OPTRASCAN_IISER_Round: No such file or directory
md5sum: 11/TIF/20220317_1108_469-20_2588-20-A_HER2_Biopsy_IHC-YAP_40X.tif: No such file or directory
md5sum: /storage/tnbc/OPTRASCAN_IISER_Round: No such file or directory
md5sum: 11/TIF/20220317_804_704-19_1782-19-14_HER2_Surgery_IHC-YAP_40X.tif: No such file or directory
md5sum: /storage/tnbc/OPTRASCAN_IISER_Round: No such file or directory
md5sum: 11/TIF/20220317_727_340-19_1292-19-A_HER2_Biopsy_IHC-YAP_40X.tif: No such file or directory
md5sum: /storage/tnbc/OPTRASCAN_IISER_Round: No such file or directory
md5sum: 11/TIF/20220317_875_797-19_961-19-1_HER2_Biopsy_IHC-YAP_40X.tif: No such file or directory
md5sum: /storage/tnbc/OPTRASCAN_IISER_Round: No such file or directory
md5sum: 11/TIF/20220317_708_406-19_1492-19-A_HER2_Biopsy_IHC-YAP_40X.tif: No such file or directory
md5sum: /storage/tnbc/OPTRASCAN_IISER_Round: No such file or directory
md5sum: 11/TIF/20220317_989_229-20_2902-20-A_HER2_Biopsy_IHC-YAP_40X.tif: No such file or directory
md5sum: /storage/tnbc/OPTRASCAN_IISER_Round: No such file or directory
md5sum: 11/TIF/20220317_679_337-19_951-19-19_HER2_Surgery_IHC-YAP_40X.tif: No such file or directory
md5sum: /storage/tnbc/OPTRASCAN_IISER_Round: No such file or directory
md5sum: 11/TIF/20220317_729_457-19_1187-19-RT2_HER2_Surgery_IHC-YAP_40X.tif: No such file or directory
md5sum: /storage/tnbc/OPTRASCAN_IISER_Round: No such file or directory
md5sum: 11/TIF/20220317_869_907-19_4683-19-A_HER2_Biopsy_IHC-YAP_40X.tif: No such file or directory
md5sum: /storage/tnbc/OPTRASCAN_IISER_Round: No such file or directory
md5sum: 11/TIF/20220317_984_234-20_744-20-14_HER2_Surgery_IHC-YAP_40X.tif: No such file or directory
md5sum: /storage/tnbc/OPTRASCAN_IISER_Round: No such file or directory
md5sum: 11/TIF/20220317_938_87-20_480-20-B_HER2_Biopsy_IHC-YAP_40X.tif: No such file or directory
md5sum: /storage/tnbc/OPTRASCAN_IISER_Round: No such file or directory
md5sum: 11/TIF/20220317_578_149-12_3116-11-A_HER2_Biopsy_IHC-YAP_40X.tif: No such file or directory
md5sum: /storage/tnbc/OPTRASCAN_IISER_Round: No such file or directory
md5sum: 11/TIF/20220317_697_830-18_5649-18-F_HER2_Surgery_IHC-YAP_40X.tif: No such file or directory
md5sum: /storage/tnbc/OPTRASCAN_IISER_Round: No such file or directory
md5sum: 11/TIF/20220317_709_216-19_727-19-A_HER2_Biopsy_IHC-YAP_40X.tif: No such file or directory
md5sum: /storage/tnbc/OPTRASCAN_IISER_Round: No such file or directory
md5sum: 11/TIF/20220317_1010_245-20_1502-20-3_HER2_Surgery_IHC-YAP_40X.tif: No such file or directory
md5sum: /storage/tnbc/OPTRASCAN_IISER_Round: No such file or directory
md5sum: 11/JP2/20220317_679_337-19_951-19-19_HER2_Surgery_IHC-YAP_40X.jp2: No such file or directory
md5sum: /storage/tnbc/OPTRASCAN_IISER_Round: No such file or directory
md5sum: 11/JP2/20220317_888_943-19_107-20-A_HER2_Biopsy_IHC-YAP_40X.jp2: No such file or directory
md5sum: /storage/tnbc/OPTRASCAN_IISER_Round: No such file or directory
md5sum: 11/JP2/20220317_1010_245-20_1502-20-3_HER2_Surgery_IHC-YAP_40X.jp2: No such file or directory
md5sum: /storage/tnbc/OPTRASCAN_IISER_Round: No such file or directory
md5sum: 11/JP2/20220317_867_821-19_8539-19-A_HER2_Biopsy_IHC-YAP_40X.jp2: No such file or directory
md5sum: /storage/tnbc/OPTRASCAN_IISER_Round: No such file or directory
md5sum: 11/JP2/20220317_989_229-20_2902-20-A_HER2_Biopsy_IHC-YAP_40X.jp2: No such file or directory
md5sum: /storage/tnbc/OPTRASCAN_IISER_Round: No such file or directory
md5sum: 11/JP2/20220317_875_797-19_961-19-1_HER2_Biopsy_IHC-YAP_40X.jp2: No such file or directory
md5sum: /storage/tnbc/OPTRASCAN_IISER_Round: No such file or directory
md5sum: 11/JP2/20220317_709_216-19_727-19-A_HER2_Biopsy_IHC-YAP_40X.jp2: No such file or directory
md5sum: /storage/tnbc/OPTRASCAN_IISER_Round: No such file or directory
md5sum: 11/JP2/20220317_728_416-19_765-19-3_HER2_surgery_IHC-YAP_40X.jp2: No such file or directory
md5sum: /storage/tnbc/OPTRASCAN_IISER_Round: No such file or directory
md5sum: 11/JP2/20220317_705_588-18_145-18-B_HER2_Biopsy_IHC-YAP_40X.jp2: No such file or directory
md5sum: /storage/tnbc/OPTRASCAN_IISER_Round: No such file or directory
md5sum: 11/JP2/20220317_912_80-20_456-20-A_HER2_Biopsy_IHC-YAP_40X.jp2: No such file or directory
md5sum: /storage/tnbc/OPTRASCAN_IISER_Round: No such file or directory
md5sum: 11/JP2/20220317_804_704-19_1782-19-14_HER2_Surgery_IHC-YAP_40X.jp2: No such file or directory
md5sum: /storage/tnbc/OPTRASCAN_IISER_Round: No such file or directory
md5sum: 11/JP2/20220317_984_234-20_744-20-14_HER2_Surgery_IHC-YAP_40X.jp2: No such file or directory
md5sum: /storage/tnbc/OPTRASCAN_IISER_Round: No such file or directory
md5sum: 11/JP2/20220317_938_87-20_480-20-B_HER2_Biopsy_IHC-YAP_40X.jp2: No such file or directory
md5sum: /storage/tnbc/OPTRASCAN_IISER_Round: No such file or directory
md5sum: 11/JP2/20220317_510_505-18_1380-18-A_HER2_Biopsy_IHC-YAP_40X.jp2: No such file or directory
md5sum: /storage/tnbc/OPTRASCAN_IISER_Round: No such file or directory
md5sum: 11/JP2/20220317_869_907-19_4683-19-A_HER2_Biopsy_IHC-YAP_40X.jp2: No such file or directory
md5sum: /storage/tnbc/OPTRASCAN_IISER_Round: No such file or directory
md5sum: 11/JP2/20220317_708_406-19_1492-19-A_HER2_Biopsy_IHC-YAP_40X.jp2: No such file or directory
md5sum: /storage/tnbc/OPTRASCAN_IISER_Round: No such file or directory
md5sum: 11/JP2/20220317_1047_175-20_2151-20-A_HER2_Biopsy_IHC-YAP_40X.jp2: No such file or directory
md5sum: /storage/tnbc/OPTRASCAN_IISER_Round: No such file or directory
md5sum: 11/JP2/20220317_1032_348-20_Rt: No such file or directory
md5sum: 2048-20-A_HER2_Biopsy_IHC-YAP_40X.jp2: No such file or directory
md5sum: /storage/tnbc/OPTRASCAN_IISER_Round: No such file or directory
md5sum: 11/JP2/20220317_729_457-19_1187-19-RT2_HER2_Surgery_IHC-YAP_40X.jp2: No such file or directory
md5sum: /storage/tnbc/OPTRASCAN_IISER_Round: No such file or directory
md5sum: 11/JP2/20220317_1161_547-20_3057-20-A_HER2_Biopsy_IHC-YAP_40X.jp2: No such file or directory
md5sum: /storage/tnbc/OPTRASCAN_IISER_Round: No such file or directory
md5sum: 11/JP2/20220317_1015_161-20_807-20-A_HER2_Biopsy_IHC-YAP_40X.jp2: No such file or directory
md5sum: /storage/tnbc/OPTRASCAN_IISER_Round: No such file or directory
md5sum: 11/JP2/20220317_578_149-12_3116-11-A_HER2_Biopsy_IHC-YAP_40X.jp2: No such file or directory
md5sum: /storage/tnbc/OPTRASCAN_IISER_Round: No such file or directory
md5sum: 11/JP2/20220317_1031_377-20_4740-20-1_HER2_Biopsy_IHC-YAP_40X.jp2: No such file or directory
md5sum: /storage/tnbc/OPTRASCAN_IISER_Round: No such file or directory
md5sum: 11/JP2/20220317_722_295-19_1132-19-A_HER2_Biopsy_IHC-YAP_40X.jp2: No such file or directory
md5sum: /storage/tnbc/OPTRASCAN_IISER_Round: No such file or directory
md5sum: 11/JP2/20220317_706_418-19_1502-19-A_HER2_Biopsy_IHC-YAP_40X.jp2: No such file or directory
md5sum: /storage/tnbc/OPTRASCAN_IISER_Round: No such file or directory
md5sum: 11/JP2/20220317_903_862-19_4496-19-A_HER2_Biopsy_IHC-YAP_40X.jp2: No such file or directory
md5sum: /storage/tnbc/OPTRASCAN_IISER_Round: No such file or directory
md5sum: 11/JP2/20220317_996_269-20_1559-20-A_HER2_Biopsy_IHC-YAP_40X.jp2: No such file or directory
md5sum: /storage/tnbc/OPTRASCAN_IISER_Round: No such file or directory
md5sum: 11/JP2/20220317_697_830-18_5649-18-F_HER2_Surgery_IHC-YAP_40X.jp2: No such file or directory
md5sum: /storage/tnbc/OPTRASCAN_IISER_Round: No such file or directory
md5sum: 11/JP2/20220317_927_19-20_128-20-8_HER2_Surgery_IHC-YAP_40X.jp2: No such file or directory
md5sum: /storage/tnbc/OPTRASCAN_IISER_Round: No such file or directory
md5sum: 11/JP2/20220317_1108_469-20_2588-20-A_HER2_Biopsy_IHC-YAP_40X.jp2: No such file or directory
md5sum: /storage/tnbc/OPTRASCAN_IISER_Round: No such file or directory
md5sum: 11/JP2/20220317_727_340-19_1292-19-A_HER2_Biopsy_IHC-YAP_40X.jp2: No such file or directory
md5sum: /storage/tnbc/OPTRASCAN_IISER_Round: No such file or directory
md5sum: 11/JP2/20220317_747_270-19_577-19-A1_HER2_Surgery_IHC-YAP_40X.jp2: No such file or directory
md5sum: /storage/tnbc/OPTRASCAN_IISER_Round: No such file or directory
md5sum: 11/JP2/20220317_827_578-19_2096-19-A_HER2_Biopsy_IHC-YAP_40X.jp2: No such file or directory
md5sum: /storage/tnbc/OPTRASCAN_IISER_Round: No such file or directory
md5sum: 11/JP2/20220317_856_865-19_4475-19-A_HER2_Biopsy_IHC-YAP_40X.jp2: No such file or directory
md5sum: /storage/tnbc/OPTRASCAN_IISER_Round: No such file or directory
md5sum: 11/JP2/20220317_979_201-20_1004-20-A_HER2_Biopsy_IHC-YAP_40X.jp2: No such file or directory
md5sum: /storage/tnbc/OPTRASCAN_IISER_Round: No such file or directory
md5sum: 11/JP2/20220317_868_891-19_2404-19-8_HER2_Surgery_IHC-YAP_40X.jp2: No such file or directory
md5sum: /storage/tnbc/OPTRASCAN_IISER_Round: No such file or directory
md5sum: 11/JP2/20220317_726_05-18_1246-19-16_HER2_Surgery_IHC-YAP_40X.jp2: No such file or directory
md5sum: /storage/tnbc/OPTRASCAN_IISER_Round_8/20210823_Slides: No such file or directory
md5sum: to: No such file or directory
md5sum: be: No such file or directory
md5sum: imaged: No such file or directory
md5sum: by: No such file or directory
md5sum: Optra_Round: No such file or directory
md5sum: 8.xlsx: No such file or directory
